require('common');

local settings = T{ };
settings["i"] = T{ };
settings["i"][1] = T{ };
settings["i"][2] = T{ };
settings["i"][3] = T{ };
settings["i"][4] = T{ };
settings["i"][5] = T{ };
settings["i"][6] = T{ };
settings["k"] = T{ };
settings["k"][1] = T{ };
settings["k"][2] = T{ };
settings["k"][3] = T{ };
settings["k"][4] = T{ };
settings["k"][5] = T{ };
settings["i"][1][1] = 2490;
settings["i"][1][2] = "Forbidden Key";
settings["i"][2][1] = 2894;
settings["i"][2][2] = "Trophy Shield";
settings["i"][3][1] = 2896;
settings["i"][3][2] = "Massive Armband";
settings["i"][4][1] = 2895;
settings["i"][4][2] = "Oversized Sock";
settings["i"][5][1] = 2898;
settings["i"][5][2] = "Piceous Scale";
settings["i"][6][1] = 2897;
settings["i"][6][2] = "Tr. Insect Wing";
settings["k"][1][1] = 1482;
settings["k"][1][2] = "dented Gigas shield";
settings["k"][2][1] = 1484;
settings["k"][2][2] = "severed Gigas collar";
settings["k"][3][1] = 1483;
settings["k"][3][2] = "warped Gigas armband";
settings["k"][4][1] = 1486;
settings["k"][4][2] = "shimmering pixie pinion";
settings["k"][5][1] = 1485;
settings["k"][5][2] = "pellucid fly eye";

return settings;
