require('common');

local settings = T{ };
settings["i"] = T{ };
settings["i"][1] = T{ };
settings["i"][2] = T{ };
settings["i"][3] = T{ };
settings["i"][4] = T{ };
settings["i"][5] = T{ };
settings["i"][6] = T{ };
settings["k"] = T{ };
settings["k"][1] = T{ };
settings["k"][2] = T{ };
settings["k"][3] = T{ };
settings["i"][1][1] = 3294;
settings["i"][1][2] = "Colorless Soul";
settings["i"][2][1] = 3252;
settings["i"][2][2] = "Gelid Arm";
settings["i"][3][1] = 3246;
settings["i"][3][2] = "Snow God Core";
settings["i"][4][1] = 3253;
settings["i"][4][2] = "H.Q. Marid Hide";
settings["i"][5][1] = 3247;
settings["i"][5][2] = "Sisyphus Fragment";
settings["i"][6][1] = 3289;
settings["i"][6][2] = "Apademak Horn";
settings["k"][1][1] = 1564;
settings["k"][1][2] = "clear demilune abyssite";
settings["k"][2][1] = 1565;
settings["k"][2][2] = "colorful demilune abyssite";
settings["k"][3][1] = 1654;
settings["k"][3][2] = "indigo demilune abyssite";

return settings;
