require('common');

local settings = T{ };
settings["i"] = T{ };
settings["i"][1] = T{ };
settings["i"][2] = T{ };
settings["i"][3] = T{ };
settings["i"][4] = T{ };
settings["i"][5] = T{ };
settings["i"][6] = T{ };
settings["i"][7] = T{ };
settings["i"][8] = T{ };
settings["i"][9] = T{ };
settings["i"][10] = T{ };
settings["i"][11] = T{ };
settings["k"] = T{ };
settings["i"][1][1] = 3400;
settings["i"][1][2] = "Odious Skull";
settings["i"][2][1] = 3401;
settings["i"][2][2] = "Odious Horn";
settings["i"][3][1] = 3402;
settings["i"][3][2] = "Odious Blood";
settings["i"][4][1] = 3403;
settings["i"][4][2] = "Odious Pen";
settings["i"][5][1] = 3358;
settings["i"][5][2] = "Shrouded Bijou";
settings["i"][6][1] = 3429;
settings["i"][6][2] = "Fiendish Tome (26)";
settings["i"][7][1] = 3430;
settings["i"][7][2] = "Fiendish Tome (27)";
settings["i"][8][1] = 3431;
settings["i"][8][2] = "Fiendish Tome (28)";
settings["i"][9][1] = 3432;
settings["i"][9][2] = "Fiendish Tome (29)";
settings["i"][10][1] = 3433;
settings["i"][10][2] = "Fiendish Tome (30)";
settings["i"][11][1] = 3502;
settings["i"][11][2] = "Umbral Marrow";

return settings;
