require('common');

local settings = T{ };
settings["i"] = T{ };
settings["i"][1] = T{ };
settings["i"][2] = T{ };
settings["i"][3] = T{ };
settings["i"][4] = T{ };
settings["i"][5] = T{ };
settings["i"][6] = T{ };
settings["i"][7] = T{ };
settings["i"][8] = T{ };
settings["i"][9] = T{ };
settings["i"][10] = T{ };
settings["i"][11] = T{ };
settings["k"] = T{ };
settings["i"][1][1] = 21456;
settings["i"][1][2] = "Animator P";
settings["i"][2][1] = 21457;
settings["i"][2][2] = "Animator P +1";
settings["i"][3][1] = 21458;
settings["i"][3][2] = "Animator P II";
settings["i"][4][1] = 21459;
settings["i"][4][2] = "Animator P II +1";
settings["i"][5][1] = 21392;
settings["i"][5][2] = "Animator Z";
settings["i"][6][1] = 722;
settings["i"][6][2] = "Divine Log";
settings["i"][7][1] = 723;
settings["i"][7][2] = "Divine Lumber";
settings["i"][8][1] = 8725;
settings["i"][8][2] = "Exalted Log";
settings["i"][9][1] = 8726;
settings["i"][9][2] = "Exalted Lumber";
settings["i"][10][1] = 9075;
settings["i"][10][2] = "Vulcanite Ore";
settings["i"][11][1] = 933;
settings["i"][11][2] = "Glass Fiber";

return settings;
