require('common');

local settings = T{ };
settings["i"] = T{ };
settings["i"][1] = T{ };
settings["i"][2] = T{ };
settings["i"][3] = T{ };
settings["i"][4] = T{ };
settings["i"][5] = T{ };
settings["k"] = T{ };
settings["k"][1] = T{ };
settings["i"][1][1] = 3237;
settings["i"][1][2] = "Sand-caked Fang";
settings["i"][2][1] = 3231;
settings["i"][2][2] = "Sharabha Hide";
settings["i"][3][1] = 3232;
settings["i"][3][2] = "Tiger King Hide";
settings["i"][4][1] = 3238;
settings["i"][4][2] = "H.Q. Dhalmel Hide";
settings["i"][5][1] = 2490;
settings["i"][5][2] = "Forbidden Key";
settings["k"][1][1] = 1520;
settings["k"][1][2] = "steaming cerberus tongue";

return settings;
