require('common');

local settings = T{ };
settings["i"] = T{ };
settings["i"][1] = T{ };
settings["i"][2] = T{ };
settings["i"][3] = T{ };
settings["i"][4] = T{ };
settings["i"][5] = T{ };
settings["i"][6] = T{ };
settings["i"][7] = T{ };
settings["i"][8] = T{ };
settings["i"][9] = T{ };
settings["i"][10] = T{ };
settings["i"][11] = T{ };
settings["i"][12] = T{ };
settings["k"] = T{ };
settings["i"][1][1] = 4059;
settings["i"][1][2] = "Pluton";
settings["i"][2][1] = 6180;
settings["i"][2][2] = "Pluton Case";
settings["i"][3][1] = 6183;
settings["i"][3][2] = "Pluton Box";
settings["i"][4][1] = 6532;
settings["i"][4][2] = "Coffer (Pluton)";
settings["i"][5][1] = 4061;
settings["i"][5][2] = "Riftborn Boulder";
settings["i"][6][1] = 6182;
settings["i"][6][2] = "Boulder Case";
settings["i"][7][1] = 6185;
settings["i"][7][2] = "Boulder Box";
settings["i"][8][1] = 6534;
settings["i"][8][2] = "Coffer (Boulder)";
settings["i"][9][1] = 4060;
settings["i"][9][2] = "Beitetsu";
settings["i"][10][1] = 6181;
settings["i"][10][2] = "Beitetsu Parcel";
settings["i"][11][1] = 6184;
settings["i"][11][2] = "Beitetsu Box";
settings["i"][12][1] = 6533;
settings["i"][12][2] = "Coffer (Beitetsu)";

return settings;
