require('common');

local settings = T{ };
settings["i"] = T{ };
settings["i"][1] = T{ };
settings["i"][2] = T{ };
settings["i"][3] = T{ };
settings["i"][4] = T{ };
settings["i"][5] = T{ };
settings["i"][6] = T{ };
settings["i"][7] = T{ };
settings["i"][8] = T{ };
settings["i"][9] = T{ };
settings["i"][10] = T{ };
settings["i"][11] = T{ };
settings["i"][12] = T{ };
settings["k"] = T{ };
settings["i"][1][1] = 9769;
settings["i"][1][2] = "Water Card";
settings["i"][2][1] = 9765;
settings["i"][2][2] = "Ice Card";
settings["i"][3][1] = 9767;
settings["i"][3][2] = "Earth Card";
settings["i"][4][1] = 4098;
settings["i"][4][2] = "Wind Crystal";
settings["i"][5][1] = 4100;
settings["i"][5][2] = "Lightng. Crystal";
settings["i"][6][1] = 9529;
settings["i"][6][2] = "Rever. Sphere";
settings["i"][7][1] = 9527;
settings["i"][7][2] = "Sciss. Sphere";
settings["i"][8][1] = 9531;
settings["i"][8][2] = "Compr. Sphere";
settings["i"][9][1] = 9533;
settings["i"][9][2] = "Disto. Sphere";
settings["i"][10][1] = 9535;
settings["i"][10][2] = "Gravi. Sphere";
settings["i"][11][1] = 9537;
settings["i"][11][2] = "Darkn. Sphere";
settings["i"][12][1] = 9525;
settings["i"][12][2] = "Indur. Sphere";

return settings;
