require('common');

local settings = T{ };
settings["i"] = T{ };
settings["i"][1] = T{ };
settings["i"][2] = T{ };
settings["i"][3] = T{ };
settings["i"][4] = T{ };
settings["i"][5] = T{ };
settings["i"][6] = T{ };
settings["k"] = T{ };
settings["k"][1] = T{ };
settings["k"][2] = T{ };
settings["k"][3] = T{ };
settings["k"][4] = T{ };
settings["k"][5] = T{ };
settings["k"][6] = T{ };
settings["i"][1][1] = 2602;
settings["i"][1][2] = "Spoilt Blood";
settings["i"][2][1] = 2597;
settings["i"][2][2] = "Opalus Gem";
settings["i"][3][1] = 2595;
settings["i"][3][2] = "Myrrh";
settings["i"][4][1] = 2594;
settings["i"][4][2] = "Exorcism Treatise";
settings["i"][5][1] = 2596;
settings["i"][5][2] = "Rose Scampi";
settings["i"][6][1] = 2593;
settings["i"][6][2] = "Singed Buffalo";
settings["k"][1][1] = 1010;
settings["k"][1][2] = "pine green seal";
settings["k"][2][1] = 1011;
settings["k"][2][2] = "amber-colored seal";
settings["k"][3][1] = 1013;
settings["k"][3][2] = "taupe-colored seal";
settings["k"][4][1] = 1012;
settings["k"][4][2] = "fallow-colored seal";
settings["k"][5][1] = 1014;
settings["k"][5][2] = "sienna-colored seal";
settings["k"][6][1] = 1015;
settings["k"][6][2] = "lavender-colored seal";

return settings;
