require('common');

local settings = T{ };
settings["i"] = T{ };
settings["i"][1] = T{ };
settings["i"][2] = T{ };
settings["i"][3] = T{ };
settings["i"][4] = T{ };
settings["i"][5] = T{ };
settings["i"][6] = T{ };
settings["k"] = T{ };
settings["i"][1][1] = 6384;
settings["i"][1][2] = "Clawberry's Coffer";
settings["i"][2][1] = 9094;
settings["i"][2][2] = "Clawberry's Coat";
settings["i"][3][1] = 27106;
settings["i"][3][2] = "Asteria Mitts";
settings["i"][4][1] = 27107;
settings["i"][4][2] = "Asteria Mitts +1";
settings["i"][5][1] = 27108;
settings["i"][5][2] = "Lamassu Mitts";
settings["i"][6][1] = 27109;
settings["i"][6][2] = "Lamassu Mitts +1";

return settings;
