[2022-08-09 09:10:57] Packet 0x015
        |  0  1  2  3  4  5  6  7  8  9  A  B  C  D  E  F      | 0123456789ABCDEF
    -----------------------------------------------------  ----------------------
      0 | 15 10 21 00 00 00 2F C4 C8 A9 89 C1 00 00 2F C3    0 | ..!.../......./.
      1 | 00 00 02 00 C0 00 00 00 1F CD BA 82 00 00 00 00    1 | ................

[2022-08-09 09:10:57] Packet 0x015
        |  0  1  2  3  4  5  6  7  8  9  A  B  C  D  E  F      | 0123456789ABCDEF
    -----------------------------------------------------  ----------------------
      0 | 15 10 22 00 00 00 2F C4 C8 A9 89 C1 00 00 2F C3    0 | ..".../......./.
      1 | 00 00 01 00 C0 00 00 00 4A CE BA 82 00 00 00 00    1 | ........J.......

[2022-08-09 09:10:58] Packet 0x015
        |  0  1  2  3  4  5  6  7  8  9  A  B  C  D  E  F      | 0123456789ABCDEF
    -----------------------------------------------------  ----------------------
      0 | 15 10 23 00 00 00 2F C4 C8 A9 89 C1 00 00 2F C3    0 | ..#.../......./.
      1 | 00 00 01 00 C0 00 00 00 1F CF BA 82 00 00 00 00    1 | ................

[2022-08-09 09:10:58] Packet 0x015
        |  0  1  2  3  4  5  6  7  8  9  A  B  C  D  E  F      | 0123456789ABCDEF
    -----------------------------------------------------  ----------------------
      0 | 15 10 24 00 00 00 2F C4 C8 A9 89 C1 00 00 2F C3    0 | ..$.../......./.
      1 | 00 00 01 00 C0 00 00 00 66 D2 BA 82 00 00 00 00    1 | ........f.......

[2022-08-09 09:10:58] Packet 0x015
        |  0  1  2  3  4  5  6  7  8  9  A  B  C  D  E  F      | 0123456789ABCDEF
    -----------------------------------------------------  ----------------------
      0 | 15 10 25 00 00 00 2F C4 C8 A9 89 C1 00 00 2F C3    0 | ..%.../......./.
      1 | 00 00 01 00 C0 00 00 00 9E D3 BA 82 00 00 00 00    1 | ................

[2022-08-09 09:10:59] Packet 0x015
        |  0  1  2  3  4  5  6  7  8  9  A  B  C  D  E  F      | 0123456789ABCDEF
    -----------------------------------------------------  ----------------------
      0 | 15 10 26 00 00 00 2F C4 C8 A9 89 C1 00 00 2F C3    0 | ..&.../......./.
      1 | 00 00 01 00 C0 00 00 00 10 D5 BA 82 00 00 00 00    1 | ................

[2022-08-09 09:10:59] Packet 0x015
        |  0  1  2  3  4  5  6  7  8  9  A  B  C  D  E  F      | 0123456789ABCDEF
    -----------------------------------------------------  ----------------------
      0 | 15 10 27 00 00 00 2F C4 C8 A9 89 C1 00 00 2F C3    0 | ..'.../......./.
      1 | 00 00 01 00 C0 00 00 00 0D D6 BA 82 00 00 00 00    1 | ................

[2022-08-09 09:10:59] Packet 0x015
        |  0  1  2  3  4  5  6  7  8  9  A  B  C  D  E  F      | 0123456789ABCDEF
    -----------------------------------------------------  ----------------------
      0 | 15 10 28 00 00 00 2F C4 C8 A9 89 C1 00 00 2F C3    0 | ..(.../......./.
      1 | 00 00 01 00 C0 00 00 00 8F D7 BA 82 00 00 00 00    1 | ................

[2022-08-09 09:10:59] Packet 0x050
        |  0  1  2  3  4  5  6  7  8  9  A  B  C  D  E  F      | 0123456789ABCDEF
    -----------------------------------------------------  ----------------------
      0 | 50 04 00 00 04 08 0C 00 -- -- -- -- -- -- -- --    0 | P.......--------

[2022-08-09 09:10:59] Packet 0x015
        |  0  1  2  3  4  5  6  7  8  9  A  B  C  D  E  F      | 0123456789ABCDEF
    -----------------------------------------------------  ----------------------
      0 | 15 10 29 00 00 00 2F C4 C8 A9 89 C1 00 00 2F C3    0 | ..).../......./.
      1 | 00 00 01 00 C0 00 00 00 8B D8 BA 82 00 00 00 00    1 | ................

[2022-08-09 09:11:00] Packet 0x015
        |  0  1  2  3  4  5  6  7  8  9  A  B  C  D  E  F      | 0123456789ABCDEF
    -----------------------------------------------------  ----------------------
      0 | 15 10 2A 00 00 00 2F C4 C8 A9 89 C1 00 00 2F C3    0 | ..*.../......./.
      1 | 00 00 03 00 C0 00 00 00 44 D9 BA 82 00 00 00 00    1 | ........D.......

[2022-08-09 09:11:00] Packet 0x015
        |  0  1  2  3  4  5  6  7  8  9  A  B  C  D  E  F      | 0123456789ABCDEF
    -----------------------------------------------------  ----------------------
      0 | 15 10 2B 00 00 00 2F C4 C8 A9 89 C1 00 00 2F C3    0 | ..+.../......./.
      1 | 00 00 01 00 C0 00 00 00 D7 DA BA 82 00 00 00 00    1 | ................

[2022-08-09 09:11:00] Packet 0x015
        |  0  1  2  3  4  5  6  7  8  9  A  B  C  D  E  F      | 0123456789ABCDEF
    -----------------------------------------------------  ----------------------
      0 | 15 10 2C 00 00 00 2F C4 C8 A9 89 C1 00 00 2F C3    0 | ..,.../......./.
      1 | 00 00 02 00 C0 00 00 00 C8 DB BA 82 00 00 00 00    1 | ................

[2022-08-09 09:11:01] Packet 0x015
        |  0  1  2  3  4  5  6  7  8  9  A  B  C  D  E  F      | 0123456789ABCDEF
    -----------------------------------------------------  ----------------------
      0 | 15 10 2D 00 00 00 2F C4 C8 A9 89 C1 00 00 2F C3    0 | ..-.../......./.
      1 | 00 00 02 00 C0 00 00 00 58 DD BA 82 00 00 00 00    1 | ........X.......

[2022-08-09 09:11:01] Packet 0x015
        |  0  1  2  3  4  5  6  7  8  9  A  B  C  D  E  F      | 0123456789ABCDEF
    -----------------------------------------------------  ----------------------
      0 | 15 10 2E 00 00 00 2F C4 C8 A9 89 C1 00 00 2F C3    0 | ....../......./.
      1 | 00 00 01 00 C0 00 00 00 54 DE BA 82 00 00 00 00    1 | ........T.......

[2022-08-09 09:11:01] Packet 0x015
        |  0  1  2  3  4  5  6  7  8  9  A  B  C  D  E  F      | 0123456789ABCDEF
    -----------------------------------------------------  ----------------------
      0 | 15 10 2F 00 00 00 2F C4 C8 A9 89 C1 00 00 2F C3    0 | ../.../......./.
      1 | 00 00 01 00 C0 00 00 00 D2 DF BA 82 00 00 00 00    1 | ................

[2022-08-09 09:11:02] Packet 0x015
        |  0  1  2  3  4  5  6  7  8  9  A  B  C  D  E  F      | 0123456789ABCDEF
    -----------------------------------------------------  ----------------------
      0 | 15 10 30 00 00 00 2F C4 C8 A9 89 C1 00 00 2F C3    0 | ..0.../......./.
      1 | 00 00 01 00 C0 00 00 00 D1 E0 BA 82 00 00 00 00    1 | ................

[2022-08-09 09:11:02] Packet 0x015
        |  0  1  2  3  4  5  6  7  8  9  A  B  C  D  E  F      | 0123456789ABCDEF
    -----------------------------------------------------  ----------------------
      0 | 15 10 31 00 00 00 2F C4 C8 A9 89 C1 00 00 2F C3    0 | ..1.../......./.
      1 | 00 00 01 00 C0 00 00 00 17 E2 BA 82 00 00 00 00    1 | ................

[2022-08-09 09:11:02] Packet 0x015
        |  0  1  2  3  4  5  6  7  8  9  A  B  C  D  E  F      | 0123456789ABCDEF
    -----------------------------------------------------  ----------------------
      0 | 15 10 32 00 00 00 2F C4 C8 A9 89 C1 00 00 2F C3    0 | ..2.../......./.
      1 | 00 00 03 00 C0 00 00 00 1B E3 BA 82 00 00 00 00    1 | ................

[2022-08-09 09:11:02] Packet 0x015
        |  0  1  2  3  4  5  6  7  8  9  A  B  C  D  E  F      | 0123456789ABCDEF
    -----------------------------------------------------  ----------------------
      0 | 15 10 33 00 00 00 2F C4 C8 A9 89 C1 00 00 2F C3    0 | ..3.../......./.
      1 | 00 00 01 00 C0 00 00 00 6C E4 BA 82 00 00 00 00    1 | ........l.......

[2022-08-09 09:11:03] Packet 0x015
        |  0  1  2  3  4  5  6  7  8  9  A  B  C  D  E  F      | 0123456789ABCDEF
    -----------------------------------------------------  ----------------------
      0 | 15 10 34 00 00 00 2F C4 C8 A9 89 C1 00 00 2F C3    0 | ..4.../......./.
      1 | 00 00 02 00 C0 00 00 00 76 E5 BA 82 00 00 00 00    1 | ........v.......

[2022-08-09 09:11:03] Packet 0x015
        |  0  1  2  3  4  5  6  7  8  9  A  B  C  D  E  F      | 0123456789ABCDEF
    -----------------------------------------------------  ----------------------
      0 | 15 10 35 00 00 00 2F C4 C8 A9 89 C1 00 00 2F C3    0 | ..5.../......./.
      1 | 00 00 01 00 C0 00 00 00 B8 E6 BA 82 00 00 00 00    1 | ................

[2022-08-09 09:11:03] Packet 0x051
        |  0  1  2  3  4  5  6  7  8  9  A  B  C  D  E  F      | 0123456789ABCDEF
    -----------------------------------------------------  ----------------------
      0 | 51 24 00 00 06 00 00 00 48 04 08 00 0D 05 0A 00    0 | Q$......H.......
      1 | 3B 06 00 00 41 07 00 00 35 09 08 00 4E 0D 0A 00    1 | ;...A...5...N...
      2 | 00 00 00 00 00 00 00 00 00 00 00 00 00 00 00 00    2 | ................
      3 | 00 00 00 00 00 00 00 00 00 00 00 00 00 00 00 00    3 | ................
      4 | 00 00 00 00 00 00 00 00 -- -- -- -- -- -- -- --    4 | ........--------

[2022-08-09 09:11:03] Packet 0x01A
        |  0  1  2  3  4  5  6  7  8  9  A  B  C  D  E  F      | 0123456789ABCDEF
    -----------------------------------------------------  ----------------------
      0 | 1A 0E 36 00 C5 3D 08 00 00 04 03 00 E7 03 00 00    0 | ..6..=..........
      1 | 00 00 00 00 00 00 00 00 00 00 00 00 -- -- -- --    1 | ............----

[2022-08-09 09:11:03] Packet 0x050
        |  0  1  2  3  4  5  6  7  8  9  A  B  C  D  E  F      | 0123456789ABCDEF
    -----------------------------------------------------  ----------------------
      0 | 50 04 00 00 38 06 00 00 -- -- -- -- -- -- -- --    0 | P...8...--------

[2022-08-09 09:11:03] Packet 0x050
        |  0  1  2  3  4  5  6  7  8  9  A  B  C  D  E  F      | 0123456789ABCDEF
    -----------------------------------------------------  ----------------------
      0 | 50 04 00 00 45 08 0C 00 -- -- -- -- -- -- -- --    0 | P...E...--------

[2022-08-09 09:11:03] Packet 0x015
        |  0  1  2  3  4  5  6  7  8  9  A  B  C  D  E  F      | 0123456789ABCDEF
    -----------------------------------------------------  ----------------------
      0 | 15 10 36 00 00 00 2F C4 C8 A9 89 C1 00 00 2F C3    0 | ..6.../......./.
      1 | 00 00 02 00 C0 00 00 00 AF E7 BA 82 00 00 00 00    1 | ................

[2022-08-09 09:11:03] Packet 0x01A
        |  0  1  2  3  4  5  6  7  8  9  A  B  C  D  E  F      | 0123456789ABCDEF
    -----------------------------------------------------  ----------------------
      0 | 1A 0E 36 00 C5 3D 08 00 00 04 03 00 E7 03 00 00    0 | ..6..=..........
      1 | 00 00 00 00 00 00 00 00 00 00 00 00 -- -- -- --    1 | ............----

[2022-08-09 09:11:04] Packet 0x051
        |  0  1  2  3  4  5  6  7  8  9  A  B  C  D  E  F      | 0123456789ABCDEF
    -----------------------------------------------------  ----------------------
      0 | 51 24 00 00 01 00 00 00 3B 06 00 00 00 00 00 00    0 | Q$......;.......
      1 | 00 00 00 00 00 00 00 00 00 00 00 00 00 00 00 00    1 | ................
      2 | 00 00 00 00 00 00 00 00 00 00 00 00 00 00 00 00    2 | ................
      3 | 00 00 00 00 00 00 00 00 00 00 00 00 00 00 00 00    3 | ................
      4 | 00 00 00 00 00 00 00 00 -- -- -- -- -- -- -- --    4 | ........--------

[2022-08-09 09:11:04] Packet 0x01A
        |  0  1  2  3  4  5  6  7  8  9  A  B  C  D  E  F      | 0123456789ABCDEF
    -----------------------------------------------------  ----------------------
      0 | 1A 0E 36 00 C5 3D 08 00 00 04 03 00 E7 03 00 00    0 | ..6..=..........
      1 | 00 00 00 00 00 00 00 00 00 00 00 00 -- -- -- --    1 | ............----

[2022-08-09 09:11:04] Packet 0x050
        |  0  1  2  3  4  5  6  7  8  9  A  B  C  D  E  F      | 0123456789ABCDEF
    -----------------------------------------------------  ----------------------
      0 | 50 04 00 00 38 06 00 00 -- -- -- -- -- -- -- --    0 | P...8...--------

[2022-08-09 09:11:04] Packet 0x015
        |  0  1  2  3  4  5  6  7  8  9  A  B  C  D  E  F      | 0123456789ABCDEF
    -----------------------------------------------------  ----------------------
      0 | 15 10 37 00 00 00 2F C4 C8 A9 89 C1 00 00 2F C3    0 | ..7.../......./.
      1 | 00 00 01 00 C0 00 00 00 D9 E8 BA 82 00 00 00 00    1 | ................

[2022-08-09 09:11:04] Packet 0x01A
        |  0  1  2  3  4  5  6  7  8  9  A  B  C  D  E  F      | 0123456789ABCDEF
    -----------------------------------------------------  ----------------------
      0 | 1A 0E 36 00 C5 3D 08 00 00 04 03 00 E7 03 00 00    0 | ..6..=..........
      1 | 00 00 00 00 00 00 00 00 00 00 00 00 -- -- -- --    1 | ............----

[2022-08-09 09:11:04] Packet 0x015
        |  0  1  2  3  4  5  6  7  8  9  A  B  C  D  E  F      | 0123456789ABCDEF
    -----------------------------------------------------  ----------------------
      0 | 15 10 38 00 00 00 2F C4 C8 A9 89 C1 00 00 2F C3    0 | ..8.../......./.
      1 | 00 00 02 00 C0 00 00 04 08 EA BA 82 00 00 00 00    1 | ................

[2022-08-09 09:11:04] Packet 0x015
        |  0  1  2  3  4  5  6  7  8  9  A  B  C  D  E  F      | 0123456789ABCDEF
    -----------------------------------------------------  ----------------------
      0 | 15 10 39 00 00 00 2F C4 C8 A9 89 C1 00 00 2F C3    0 | ..9.../......./.
      1 | 00 00 01 00 C0 00 00 04 54 EB BA 82 00 00 00 00    1 | ........T.......

[2022-08-09 09:11:05] Packet 0x015
        |  0  1  2  3  4  5  6  7  8  9  A  B  C  D  E  F      | 0123456789ABCDEF
    -----------------------------------------------------  ----------------------
      0 | 15 10 3A 00 00 00 2F C4 C8 A9 89 C1 00 00 2F C3    0 | ..:.../......./.
      1 | 00 00 02 00 C0 00 00 04 5E EC BA 82 00 00 00 00    1 | ........^.......

[2022-08-09 09:11:05] Packet 0x015
        |  0  1  2  3  4  5  6  7  8  9  A  B  C  D  E  F      | 0123456789ABCDEF
    -----------------------------------------------------  ----------------------
      0 | 15 10 3B 00 00 00 2F C4 C8 A9 89 C1 00 00 2F C3    0 | ..;.../......./.
      1 | 00 00 01 00 C0 00 00 04 9E ED BA 82 00 00 00 00    1 | ................

[2022-08-09 09:11:05] Packet 0x015
        |  0  1  2  3  4  5  6  7  8  9  A  B  C  D  E  F      | 0123456789ABCDEF
    -----------------------------------------------------  ----------------------
      0 | 15 10 3C 00 00 00 2F C4 C8 A9 89 C1 00 00 2F C3    0 | ..<.../......./.
      1 | 00 00 03 00 C0 00 00 04 F2 EE BA 82 00 00 00 00    1 | ................

[2022-08-09 09:11:05] Packet 0x015
        |  0  1  2  3  4  5  6  7  8  9  A  B  C  D  E  F      | 0123456789ABCDEF
    -----------------------------------------------------  ----------------------
      0 | 15 10 3D 00 00 00 2F C4 C8 A9 89 C1 00 00 2F C3    0 | ..=.../......./.
      1 | 00 00 01 00 C0 00 00 04 F4 EF BA 82 00 00 00 00    1 | ................

[2022-08-09 09:11:06] Packet 0x050
        |  0  1  2  3  4  5  6  7  8  9  A  B  C  D  E  F      | 0123456789ABCDEF
    -----------------------------------------------------  ----------------------
      0 | 50 04 00 00 32 04 0C 00 -- -- -- -- -- -- -- --    0 | P...2...--------

[2022-08-09 09:11:06] Packet 0x050
        |  0  1  2  3  4  5  6  7  8  9  A  B  C  D  E  F      | 0123456789ABCDEF
    -----------------------------------------------------  ----------------------
      0 | 50 04 00 00 02 05 0C 00 -- -- -- -- -- -- -- --    0 | P.......--------

[2022-08-09 09:11:06] Packet 0x050
        |  0  1  2  3  4  5  6  7  8  9  A  B  C  D  E  F      | 0123456789ABCDEF
    -----------------------------------------------------  ----------------------
      0 | 50 04 00 00 33 06 0C 00 -- -- -- -- -- -- -- --    0 | P...3...--------

[2022-08-09 09:11:06] Packet 0x050
        |  0  1  2  3  4  5  6  7  8  9  A  B  C  D  E  F      | 0123456789ABCDEF
    -----------------------------------------------------  ----------------------
      0 | 50 04 00 00 03 07 0C 00 -- -- -- -- -- -- -- --    0 | P.......--------

[2022-08-09 09:11:06] Packet 0x050
        |  0  1  2  3  4  5  6  7  8  9  A  B  C  D  E  F      | 0123456789ABCDEF
    -----------------------------------------------------  ----------------------
      0 | 50 04 00 00 04 08 0C 00 -- -- -- -- -- -- -- --    0 | P.......--------

[2022-08-09 09:11:06] Packet 0x050
        |  0  1  2  3  4  5  6  7  8  9  A  B  C  D  E  F      | 0123456789ABCDEF
    -----------------------------------------------------  ----------------------
      0 | 50 04 00 00 21 09 0B 00 -- -- -- -- -- -- -- --    0 | P...!...--------

[2022-08-09 09:11:06] Packet 0x050
        |  0  1  2  3  4  5  6  7  8  9  A  B  C  D  E  F      | 0123456789ABCDEF
    -----------------------------------------------------  ----------------------
      0 | 50 04 00 00 12 0D 0A 00 -- -- -- -- -- -- -- --    0 | P.......--------

[2022-08-09 09:11:06] Packet 0x015
        |  0  1  2  3  4  5  6  7  8  9  A  B  C  D  E  F      | 0123456789ABCDEF
    -----------------------------------------------------  ----------------------
      0 | 15 10 3E 00 00 00 2F C4 C8 A9 89 C1 00 00 2F C3    0 | ..>.../......./.
      1 | 00 00 01 00 C0 00 00 04 BC F0 BA 82 00 00 00 00    1 | ................

[2022-08-09 09:11:06] Packet 0x015
        |  0  1  2  3  4  5  6  7  8  9  A  B  C  D  E  F      | 0123456789ABCDEF
    -----------------------------------------------------  ----------------------
      0 | 15 10 3F 00 00 00 2F C4 C8 A9 89 C1 00 00 2F C3    0 | ..?.../......./.
      1 | 00 00 01 00 C0 00 00 04 2E F2 BA 82 00 00 00 00    1 | ................

[2022-08-09 09:11:06] Packet 0x015
        |  0  1  2  3  4  5  6  7  8  9  A  B  C  D  E  F      | 0123456789ABCDEF
    -----------------------------------------------------  ----------------------
      0 | 15 10 40 00 00 00 2F C4 C8 A9 89 C1 00 00 2F C3    0 | ..@.../......./.
      1 | 00 00 01 00 C0 00 00 04 2A F3 BA 82 00 00 00 00    1 | ........*.......

[2022-08-09 09:11:07] Packet 0x015
        |  0  1  2  3  4  5  6  7  8  9  A  B  C  D  E  F      | 0123456789ABCDEF
    -----------------------------------------------------  ----------------------
      0 | 15 10 41 00 00 00 2F C4 C8 A9 89 C1 00 00 2F C3    0 | ..A.../......./.
      1 | 00 00 01 00 C0 00 00 04 C1 F4 BA 82 00 00 00 00    1 | ................

[2022-08-09 09:11:07] Packet 0x015
        |  0  1  2  3  4  5  6  7  8  9  A  B  C  D  E  F      | 0123456789ABCDEF
    -----------------------------------------------------  ----------------------
      0 | 15 10 42 00 00 00 2F C4 C8 A9 89 C1 00 00 2F C3    0 | ..B.../......./.
      1 | 00 00 01 00 C0 00 00 04 C9 F5 BA 82 00 00 00 00    1 | ................

[2022-08-09 09:11:07] Packet 0x015
        |  0  1  2  3  4  5  6  7  8  9  A  B  C  D  E  F      | 0123456789ABCDEF
    -----------------------------------------------------  ----------------------
      0 | 15 10 43 00 00 00 2F C4 C8 A9 89 C1 00 00 2F C3    0 | ..C.../......./.
      1 | 00 00 01 00 C0 00 00 04 62 F7 BA 82 00 00 00 00    1 | ........b.......

[2022-08-09 09:11:08] Packet 0x015
        |  0  1  2  3  4  5  6  7  8  9  A  B  C  D  E  F      | 0123456789ABCDEF
    -----------------------------------------------------  ----------------------
      0 | 15 10 44 00 00 00 2F C4 C8 A9 89 C1 00 00 2F C3    0 | ..D.../......./.
      1 | 00 00 01 00 C0 00 00 04 58 F8 BA 82 00 00 00 00    1 | ........X.......

[2022-08-09 09:11:08] Packet 0x015
        |  0  1  2  3  4  5  6  7  8  9  A  B  C  D  E  F      | 0123456789ABCDEF
    -----------------------------------------------------  ----------------------
      0 | 15 10 45 00 00 00 2F C4 C8 A9 89 C1 00 00 2F C3    0 | ..E.../......./.
      1 | 00 00 01 00 C0 00 00 04 0E FA BA 82 00 00 00 00    1 | ................

[2022-08-09 09:11:08] Packet 0x015
        |  0  1  2  3  4  5  6  7  8  9  A  B  C  D  E  F      | 0123456789ABCDEF
    -----------------------------------------------------  ----------------------
      0 | 15 10 46 00 00 00 2F C4 C8 A9 89 C1 00 00 2F C3    0 | ..F.../......./.
      1 | 00 00 01 00 C0 00 00 04 03 FB BA 82 00 00 00 00    1 | ................

[2022-08-09 09:11:09] Packet 0x015
        |  0  1  2  3  4  5  6  7  8  9  A  B  C  D  E  F      | 0123456789ABCDEF
    -----------------------------------------------------  ----------------------
      0 | 15 10 47 00 00 00 2F C4 C8 A9 89 C1 00 00 2F C3    0 | ..G.../......./.
      1 | 00 00 01 00 C0 00 00 04 5A FC BA 82 00 00 00 00    1 | ........Z.......

[2022-08-09 09:11:09] Packet 0x015
        |  0  1  2  3  4  5  6  7  8  9  A  B  C  D  E  F      | 0123456789ABCDEF
    -----------------------------------------------------  ----------------------
      0 | 15 10 48 00 00 00 2F C4 C8 A9 89 C1 00 00 2F C3    0 | ..H.../......./.
      1 | 00 00 01 00 C0 00 00 04 5A FD BA 82 00 00 00 00    1 | ........Z.......

[2022-08-09 09:11:09] Packet 0x015
        |  0  1  2  3  4  5  6  7  8  9  A  B  C  D  E  F      | 0123456789ABCDEF
    -----------------------------------------------------  ----------------------
      0 | 15 10 49 00 00 00 2F C4 C8 A9 89 C1 00 00 2F C3    0 | ..I.../......./.
      1 | 00 00 01 00 C0 00 00 04 BE FE BA 82 00 00 00 00    1 | ................

[2022-08-09 09:11:10] Packet 0x051
        |  0  1  2  3  4  5  6  7  8  9  A  B  C  D  E  F      | 0123456789ABCDEF
    -----------------------------------------------------  ----------------------
      0 | 51 24 00 00 06 00 00 00 48 04 08 00 0D 05 0A 00    0 | Q$......H.......
      1 | 3B 06 00 00 41 07 00 00 35 09 08 00 4E 0D 0A 00    1 | ;...A...5...N...
      2 | 00 00 00 00 00 00 00 00 00 00 00 00 00 00 00 00    2 | ................
      3 | 00 00 00 00 00 00 00 00 00 00 00 00 00 00 00 00    3 | ................
      4 | 00 00 00 00 00 00 00 00 -- -- -- -- -- -- -- --    4 | ........--------

[2022-08-09 09:11:10] Packet 0x01A
        |  0  1  2  3  4  5  6  7  8  9  A  B  C  D  E  F      | 0123456789ABCDEF
    -----------------------------------------------------  ----------------------
      0 | 1A 0E 4A 00 C5 3D 08 00 00 04 03 00 92 03 00 00    0 | ..J..=..........
      1 | 00 00 00 00 00 00 00 00 00 00 00 00 -- -- -- --    1 | ............----

[2022-08-09 09:11:10] Packet 0x050
        |  0  1  2  3  4  5  6  7  8  9  A  B  C  D  E  F      | 0123456789ABCDEF
    -----------------------------------------------------  ----------------------
      0 | 50 04 00 00 38 06 00 00 -- -- -- -- -- -- -- --    0 | P...8...--------

[2022-08-09 09:11:10] Packet 0x050
        |  0  1  2  3  4  5  6  7  8  9  A  B  C  D  E  F      | 0123456789ABCDEF
    -----------------------------------------------------  ----------------------
      0 | 50 04 00 00 45 08 0C 00 -- -- -- -- -- -- -- --    0 | P...E...--------

[2022-08-09 09:11:10] Packet 0x015
        |  0  1  2  3  4  5  6  7  8  9  A  B  C  D  E  F      | 0123456789ABCDEF
    -----------------------------------------------------  ----------------------
      0 | 15 10 4A 00 00 00 2F C4 C8 A9 89 C1 00 00 2F C3    0 | ..J.../......./.
      1 | 00 00 01 00 C0 00 00 04 B0 FF BA 82 00 00 00 00    1 | ................

[2022-08-09 09:11:10] Packet 0x01A
        |  0  1  2  3  4  5  6  7  8  9  A  B  C  D  E  F      | 0123456789ABCDEF
    -----------------------------------------------------  ----------------------
      0 | 1A 0E 4A 00 C5 3D 08 00 00 04 03 00 92 03 00 00    0 | ..J..=..........
      1 | 00 00 00 00 00 00 00 00 00 00 00 00 -- -- -- --    1 | ............----

[2022-08-09 09:11:10] Packet 0x051
        |  0  1  2  3  4  5  6  7  8  9  A  B  C  D  E  F      | 0123456789ABCDEF
    -----------------------------------------------------  ----------------------
      0 | 51 24 00 00 01 00 00 00 3B 06 00 00 00 00 00 00    0 | Q$......;.......
      1 | 00 00 00 00 00 00 00 00 00 00 00 00 00 00 00 00    1 | ................
      2 | 00 00 00 00 00 00 00 00 00 00 00 00 00 00 00 00    2 | ................
      3 | 00 00 00 00 00 00 00 00 00 00 00 00 00 00 00 00    3 | ................
      4 | 00 00 00 00 00 00 00 00 -- -- -- -- -- -- -- --    4 | ........--------

[2022-08-09 09:11:10] Packet 0x01A
        |  0  1  2  3  4  5  6  7  8  9  A  B  C  D  E  F      | 0123456789ABCDEF
    -----------------------------------------------------  ----------------------
      0 | 1A 0E 4A 00 C5 3D 08 00 00 04 03 00 92 03 00 00    0 | ..J..=..........
      1 | 00 00 00 00 00 00 00 00 00 00 00 00 -- -- -- --    1 | ............----

[2022-08-09 09:11:10] Packet 0x050
        |  0  1  2  3  4  5  6  7  8  9  A  B  C  D  E  F      | 0123456789ABCDEF
    -----------------------------------------------------  ----------------------
      0 | 50 04 00 00 38 06 00 00 -- -- -- -- -- -- -- --    0 | P...8...--------

[2022-08-09 09:11:10] Packet 0x015
        |  0  1  2  3  4  5  6  7  8  9  A  B  C  D  E  F      | 0123456789ABCDEF
    -----------------------------------------------------  ----------------------
      0 | 15 10 4B 00 00 00 2F C4 C8 A9 89 C1 00 00 2F C3    0 | ..K.../......./.
      1 | 00 00 01 00 C0 00 00 04 F6 00 BB 82 00 00 00 00    1 | ................

[2022-08-09 09:11:10] Packet 0x01A
        |  0  1  2  3  4  5  6  7  8  9  A  B  C  D  E  F      | 0123456789ABCDEF
    -----------------------------------------------------  ----------------------
      0 | 1A 0E 4A 00 C5 3D 08 00 00 04 03 00 92 03 00 00    0 | ..J..=..........
      1 | 00 00 00 00 00 00 00 00 00 00 00 00 -- -- -- --    1 | ............----

[2022-08-09 09:11:10] Packet 0x015
        |  0  1  2  3  4  5  6  7  8  9  A  B  C  D  E  F      | 0123456789ABCDEF
    -----------------------------------------------------  ----------------------
      0 | 15 10 4C 00 00 00 2F C4 C8 A9 89 C1 00 00 2F C3    0 | ..L.../......./.
      1 | 00 00 01 00 C0 00 00 04 03 02 BB 82 00 00 00 00    1 | ................

[2022-08-09 09:11:10] Packet 0x015
        |  0  1  2  3  4  5  6  7  8  9  A  B  C  D  E  F      | 0123456789ABCDEF
    -----------------------------------------------------  ----------------------
      0 | 15 10 4D 00 00 00 2F C4 C8 A9 89 C1 00 00 2F C3    0 | ..M.../......./.
      1 | 00 00 01 00 C0 00 00 04 3E 03 BB 82 00 00 00 00    1 | ........>.......

[2022-08-09 09:11:11] Packet 0x015
        |  0  1  2  3  4  5  6  7  8  9  A  B  C  D  E  F      | 0123456789ABCDEF
    -----------------------------------------------------  ----------------------
      0 | 15 10 4E 00 00 00 2F C4 C8 A9 89 C1 00 00 2F C3    0 | ..N.../......./.
      1 | 00 00 01 00 C0 00 00 04 57 04 BB 82 00 00 00 00    1 | ........W.......

[2022-08-09 09:11:11] Packet 0x015
        |  0  1  2  3  4  5  6  7  8  9  A  B  C  D  E  F      | 0123456789ABCDEF
    -----------------------------------------------------  ----------------------
      0 | 15 10 4F 00 00 00 2F C4 C8 A9 89 C1 00 00 2F C3    0 | ..O.../......./.
      1 | 00 00 01 00 C0 00 00 04 89 05 BB 82 00 00 00 00    1 | ................

[2022-08-09 09:11:11] Packet 0x015
        |  0  1  2  3  4  5  6  7  8  9  A  B  C  D  E  F      | 0123456789ABCDEF
    -----------------------------------------------------  ----------------------
      0 | 15 10 50 00 00 00 2F C4 C8 A9 89 C1 00 00 2F C3    0 | ..P.../......./.
      1 | 00 00 01 00 C0 00 00 04 95 06 BB 82 00 00 00 00    1 | ................

[2022-08-09 09:11:12] Packet 0x050
        |  0  1  2  3  4  5  6  7  8  9  A  B  C  D  E  F      | 0123456789ABCDEF
    -----------------------------------------------------  ----------------------
      0 | 50 04 00 00 32 04 0C 00 -- -- -- -- -- -- -- --    0 | P...2...--------

[2022-08-09 09:11:12] Packet 0x050
        |  0  1  2  3  4  5  6  7  8  9  A  B  C  D  E  F      | 0123456789ABCDEF
    -----------------------------------------------------  ----------------------
      0 | 50 04 00 00 02 05 0C 00 -- -- -- -- -- -- -- --    0 | P.......--------

[2022-08-09 09:11:12] Packet 0x050
        |  0  1  2  3  4  5  6  7  8  9  A  B  C  D  E  F      | 0123456789ABCDEF
    -----------------------------------------------------  ----------------------
      0 | 50 04 00 00 33 06 0C 00 -- -- -- -- -- -- -- --    0 | P...3...--------

[2022-08-09 09:11:12] Packet 0x050
        |  0  1  2  3  4  5  6  7  8  9  A  B  C  D  E  F      | 0123456789ABCDEF
    -----------------------------------------------------  ----------------------
      0 | 50 04 00 00 03 07 0C 00 -- -- -- -- -- -- -- --    0 | P.......--------

[2022-08-09 09:11:12] Packet 0x050
        |  0  1  2  3  4  5  6  7  8  9  A  B  C  D  E  F      | 0123456789ABCDEF
    -----------------------------------------------------  ----------------------
      0 | 50 04 00 00 04 08 0C 00 -- -- -- -- -- -- -- --    0 | P.......--------

[2022-08-09 09:11:12] Packet 0x050
        |  0  1  2  3  4  5  6  7  8  9  A  B  C  D  E  F      | 0123456789ABCDEF
    -----------------------------------------------------  ----------------------
      0 | 50 04 00 00 21 09 0B 00 -- -- -- -- -- -- -- --    0 | P...!...--------

[2022-08-09 09:11:12] Packet 0x050
        |  0  1  2  3  4  5  6  7  8  9  A  B  C  D  E  F      | 0123456789ABCDEF
    -----------------------------------------------------  ----------------------
      0 | 50 04 00 00 12 0D 0A 00 -- -- -- -- -- -- -- --    0 | P.......--------

[2022-08-09 09:11:12] Packet 0x015
        |  0  1  2  3  4  5  6  7  8  9  A  B  C  D  E  F      | 0123456789ABCDEF
    -----------------------------------------------------  ----------------------
      0 | 15 10 51 00 00 00 2F C4 C8 A9 89 C1 00 00 2F C3    0 | ..Q.../......./.
      1 | 00 00 01 00 C0 00 00 04 FC 07 BB 82 00 00 00 00    1 | ................

[2022-08-09 09:11:12] Packet 0x015
        |  0  1  2  3  4  5  6  7  8  9  A  B  C  D  E  F      | 0123456789ABCDEF
    -----------------------------------------------------  ----------------------
      0 | 15 10 52 00 00 00 2F C4 C8 A9 89 C1 00 00 2F C3    0 | ..R.../......./.
      1 | 00 00 01 00 C0 00 00 04 55 09 BB 82 00 00 00 00    1 | ........U.......

[2022-08-09 09:11:12] Packet 0x015
        |  0  1  2  3  4  5  6  7  8  9  A  B  C  D  E  F      | 0123456789ABCDEF
    -----------------------------------------------------  ----------------------
      0 | 15 10 53 00 00 00 2F C4 C8 A9 89 C1 00 00 2F C3    0 | ..S.../......./.
      1 | 00 00 01 00 C0 00 00 04 65 0A BB 82 00 00 00 00    1 | ........e.......

[2022-08-09 09:11:13] Packet 0x015
        |  0  1  2  3  4  5  6  7  8  9  A  B  C  D  E  F      | 0123456789ABCDEF
    -----------------------------------------------------  ----------------------
      0 | 15 10 54 00 00 00 2F C4 C8 A9 89 C1 00 00 2F C3    0 | ..T.../......./.
      1 | 00 00 01 00 C0 00 00 04 32 0B BB 82 00 00 00 00    1 | ........2.......

[2022-08-09 09:11:13] Packet 0x015
        |  0  1  2  3  4  5  6  7  8  9  A  B  C  D  E  F      | 0123456789ABCDEF
    -----------------------------------------------------  ----------------------
      0 | 15 10 55 00 00 00 2F C4 C8 A9 89 C1 00 00 2F C3    0 | ..U.../......./.
      1 | 00 00 01 00 C0 00 00 04 B6 0C BB 82 00 00 00 00    1 | ................

[2022-08-09 09:11:13] Packet 0x015
        |  0  1  2  3  4  5  6  7  8  9  A  B  C  D  E  F      | 0123456789ABCDEF
    -----------------------------------------------------  ----------------------
      0 | 15 10 56 00 00 00 2F C4 C8 A9 89 C1 00 00 2F C3    0 | ..V.../......./.
      1 | 00 00 03 00 C0 00 00 04 6D 0E BB 82 00 00 00 00    1 | ........m.......

[2022-08-09 09:11:14] Packet 0x015
        |  0  1  2  3  4  5  6  7  8  9  A  B  C  D  E  F      | 0123456789ABCDEF
    -----------------------------------------------------  ----------------------
      0 | 15 10 57 00 00 00 2F C4 C8 A9 89 C1 00 00 2F C3    0 | ..W.../......./.
      1 | 00 00 01 00 C0 00 00 04 70 0F BB 82 00 00 00 00    1 | ........p.......

[2022-08-09 09:11:14] Packet 0x015
        |  0  1  2  3  4  5  6  7  8  9  A  B  C  D  E  F      | 0123456789ABCDEF
    -----------------------------------------------------  ----------------------
      0 | 15 10 58 00 00 00 2F C4 C8 A9 89 C1 00 00 2F C3    0 | ..X.../......./.
      1 | 00 00 01 00 C0 00 00 04 48 10 BB 82 00 00 00 00    1 | ........H.......

[2022-08-09 09:11:14] Packet 0x015
        |  0  1  2  3  4  5  6  7  8  9  A  B  C  D  E  F      | 0123456789ABCDEF
    -----------------------------------------------------  ----------------------
      0 | 15 10 59 00 00 00 2F C4 C8 A9 89 C1 00 00 2F C3    0 | ..Y.../......./.
      1 | 00 00 01 00 C0 00 00 04 DF 11 BB 82 00 00 00 00    1 | ................

[2022-08-09 09:11:15] Packet 0x015
        |  0  1  2  3  4  5  6  7  8  9  A  B  C  D  E  F      | 0123456789ABCDEF
    -----------------------------------------------------  ----------------------
      0 | 15 10 5A 00 00 00 2F C4 C8 A9 89 C1 00 00 2F C3    0 | ..Z.../......./.
      1 | 00 00 01 00 C0 00 00 04 E2 12 BB 82 00 00 00 00    1 | ................

[2022-08-09 09:11:15] Packet 0x015
        |  0  1  2  3  4  5  6  7  8  9  A  B  C  D  E  F      | 0123456789ABCDEF
    -----------------------------------------------------  ----------------------
      0 | 15 10 5B 00 00 00 2F C4 C8 A9 89 C1 00 00 2F C3    0 | ..[.../......./.
      1 | 00 00 01 00 C0 00 00 04 67 14 BB 82 00 00 00 00    1 | ........g.......

[2022-08-09 09:11:15] Packet 0x015
        |  0  1  2  3  4  5  6  7  8  9  A  B  C  D  E  F      | 0123456789ABCDEF
    -----------------------------------------------------  ----------------------
      0 | 15 10 5C 00 00 00 2F C4 C8 A9 89 C1 00 00 2F C3    0 | ..\\.../......./.
      1 | 00 00 03 00 C0 00 00 04 04 16 BB 82 00 00 00 00    1 | ................

[2022-08-09 09:11:15] Packet 0x051
        |  0  1  2  3  4  5  6  7  8  9  A  B  C  D  E  F      | 0123456789ABCDEF
    -----------------------------------------------------  ----------------------
      0 | 51 24 00 00 06 00 00 00 48 04 08 00 0D 05 0A 00    0 | Q$......H.......
      1 | 3B 06 00 00 41 07 00 00 35 09 08 00 4E 0D 0A 00    1 | ;...A...5...N...
      2 | 00 00 00 00 00 00 00 00 00 00 00 00 00 00 00 00    2 | ................
      3 | 00 00 00 00 00 00 00 00 00 00 00 00 00 00 00 00    3 | ................
      4 | 00 00 00 00 00 00 00 00 -- -- -- -- -- -- -- --    4 | ........--------

[2022-08-09 09:11:15] Packet 0x01A
        |  0  1  2  3  4  5  6  7  8  9  A  B  C  D  E  F      | 0123456789ABCDEF
    -----------------------------------------------------  ----------------------
      0 | 1A 0E 5D 00 C5 3D 08 00 00 04 03 00 8F 03 00 00    0 | ..]..=..........
      1 | 00 00 00 00 00 00 00 00 00 00 00 00 -- -- -- --    1 | ............----

[2022-08-09 09:11:15] Packet 0x050
        |  0  1  2  3  4  5  6  7  8  9  A  B  C  D  E  F      | 0123456789ABCDEF
    -----------------------------------------------------  ----------------------
      0 | 50 04 00 00 38 06 00 00 -- -- -- -- -- -- -- --    0 | P...8...--------

[2022-08-09 09:11:15] Packet 0x050
        |  0  1  2  3  4  5  6  7  8  9  A  B  C  D  E  F      | 0123456789ABCDEF
    -----------------------------------------------------  ----------------------
      0 | 50 04 00 00 45 08 0C 00 -- -- -- -- -- -- -- --    0 | P...E...--------

[2022-08-09 09:11:15] Packet 0x015
        |  0  1  2  3  4  5  6  7  8  9  A  B  C  D  E  F      | 0123456789ABCDEF
    -----------------------------------------------------  ----------------------
      0 | 15 10 5D 00 00 00 2F C4 C8 A9 89 C1 00 00 2F C3    0 | ..].../......./.
      1 | 00 00 01 00 C0 00 00 04 04 17 BB 82 00 00 00 00    1 | ................

[2022-08-09 09:11:15] Packet 0x01A
        |  0  1  2  3  4  5  6  7  8  9  A  B  C  D  E  F      | 0123456789ABCDEF
    -----------------------------------------------------  ----------------------
      0 | 1A 0E 5D 00 C5 3D 08 00 00 04 03 00 8F 03 00 00    0 | ..]..=..........
      1 | 00 00 00 00 00 00 00 00 00 00 00 00 -- -- -- --    1 | ............----

[2022-08-09 09:11:16] Packet 0x051
        |  0  1  2  3  4  5  6  7  8  9  A  B  C  D  E  F      | 0123456789ABCDEF
    -----------------------------------------------------  ----------------------
      0 | 51 24 00 00 01 00 00 00 3B 06 00 00 00 00 00 00    0 | Q$......;.......
      1 | 00 00 00 00 00 00 00 00 00 00 00 00 00 00 00 00    1 | ................
      2 | 00 00 00 00 00 00 00 00 00 00 00 00 00 00 00 00    2 | ................
      3 | 00 00 00 00 00 00 00 00 00 00 00 00 00 00 00 00    3 | ................
      4 | 00 00 00 00 00 00 00 00 -- -- -- -- -- -- -- --    4 | ........--------

[2022-08-09 09:11:16] Packet 0x01A
        |  0  1  2  3  4  5  6  7  8  9  A  B  C  D  E  F      | 0123456789ABCDEF
    -----------------------------------------------------  ----------------------
      0 | 1A 0E 5D 00 C5 3D 08 00 00 04 03 00 8F 03 00 00    0 | ..]..=..........
      1 | 00 00 00 00 00 00 00 00 00 00 00 00 -- -- -- --    1 | ............----

[2022-08-09 09:11:16] Packet 0x050
        |  0  1  2  3  4  5  6  7  8  9  A  B  C  D  E  F      | 0123456789ABCDEF
    -----------------------------------------------------  ----------------------
      0 | 50 04 00 00 38 06 00 00 -- -- -- -- -- -- -- --    0 | P...8...--------

[2022-08-09 09:11:16] Packet 0x015
        |  0  1  2  3  4  5  6  7  8  9  A  B  C  D  E  F      | 0123456789ABCDEF
    -----------------------------------------------------  ----------------------
      0 | 15 10 5E 00 00 00 2F C4 C8 A9 89 C1 00 00 2F C3    0 | ..^.../......./.
      1 | 00 00 03 00 C0 00 00 04 4D 18 BB 82 00 00 00 00    1 | ........M.......

[2022-08-09 09:11:16] Packet 0x01A
        |  0  1  2  3  4  5  6  7  8  9  A  B  C  D  E  F      | 0123456789ABCDEF
    -----------------------------------------------------  ----------------------
      0 | 1A 0E 5D 00 C5 3D 08 00 00 04 03 00 8F 03 00 00    0 | ..]..=..........
      1 | 00 00 00 00 00 00 00 00 00 00 00 00 -- -- -- --    1 | ............----

[2022-08-09 09:11:16] Packet 0x015
        |  0  1  2  3  4  5  6  7  8  9  A  B  C  D  E  F      | 0123456789ABCDEF
    -----------------------------------------------------  ----------------------
      0 | 15 10 5F 00 00 00 2F C4 C8 A9 89 C1 00 00 2F C3    0 | .._.../......./.
      1 | 00 00 01 00 C0 00 00 04 5B 19 BB 82 00 00 00 00    1 | ........[.......

[2022-08-09 09:11:17] Packet 0x015
        |  0  1  2  3  4  5  6  7  8  9  A  B  C  D  E  F      | 0123456789ABCDEF
    -----------------------------------------------------  ----------------------
      0 | 15 10 60 00 00 00 2F C4 C8 A9 89 C1 00 00 2F C3    0 | ..`.../......./.
      1 | 00 00 03 00 C0 00 00 04 C2 1A BB 82 00 00 00 00    1 | ................

[2022-08-09 09:11:17] Packet 0x015
        |  0  1  2  3  4  5  6  7  8  9  A  B  C  D  E  F      | 0123456789ABCDEF
    -----------------------------------------------------  ----------------------
      0 | 15 10 61 00 00 00 2F C4 C8 A9 89 C1 00 00 2F C3    0 | ..a.../......./.
      1 | 00 00 01 00 C0 00 00 04 CF 1B BB 82 00 00 00 00    1 | ................

[2022-08-09 09:11:17] Packet 0x015
        |  0  1  2  3  4  5  6  7  8  9  A  B  C  D  E  F      | 0123456789ABCDEF
    -----------------------------------------------------  ----------------------
      0 | 15 10 62 00 00 00 2F C4 C8 A9 89 C1 00 00 2F C3    0 | ..b.../......./.
      1 | 00 00 03 00 C0 00 00 04 48 1D BB 82 00 00 00 00    1 | ........H.......

[2022-08-09 09:11:17] Packet 0x015
        |  0  1  2  3  4  5  6  7  8  9  A  B  C  D  E  F      | 0123456789ABCDEF
    -----------------------------------------------------  ----------------------
      0 | 15 10 63 00 00 00 2F C4 C8 A9 89 C1 00 00 2F C3    0 | ..c.../......./.
      1 | 00 00 01 00 C0 00 00 04 50 1E BB 82 00 00 00 00    1 | ........P.......

[2022-08-09 09:11:18] Packet 0x050
        |  0  1  2  3  4  5  6  7  8  9  A  B  C  D  E  F      | 0123456789ABCDEF
    -----------------------------------------------------  ----------------------
      0 | 50 04 00 00 32 04 0C 00 -- -- -- -- -- -- -- --    0 | P...2...--------

[2022-08-09 09:11:18] Packet 0x050
        |  0  1  2  3  4  5  6  7  8  9  A  B  C  D  E  F      | 0123456789ABCDEF
    -----------------------------------------------------  ----------------------
      0 | 50 04 00 00 02 05 0C 00 -- -- -- -- -- -- -- --    0 | P.......--------

[2022-08-09 09:11:18] Packet 0x050
        |  0  1  2  3  4  5  6  7  8  9  A  B  C  D  E  F      | 0123456789ABCDEF
    -----------------------------------------------------  ----------------------
      0 | 50 04 00 00 33 06 0C 00 -- -- -- -- -- -- -- --    0 | P...3...--------

[2022-08-09 09:11:18] Packet 0x050
        |  0  1  2  3  4  5  6  7  8  9  A  B  C  D  E  F      | 0123456789ABCDEF
    -----------------------------------------------------  ----------------------
      0 | 50 04 00 00 03 07 0C 00 -- -- -- -- -- -- -- --    0 | P.......--------

[2022-08-09 09:11:18] Packet 0x050
        |  0  1  2  3  4  5  6  7  8  9  A  B  C  D  E  F      | 0123456789ABCDEF
    -----------------------------------------------------  ----------------------
      0 | 50 04 00 00 04 08 0C 00 -- -- -- -- -- -- -- --    0 | P.......--------

[2022-08-09 09:11:18] Packet 0x050
        |  0  1  2  3  4  5  6  7  8  9  A  B  C  D  E  F      | 0123456789ABCDEF
    -----------------------------------------------------  ----------------------
      0 | 50 04 00 00 21 09 0B 00 -- -- -- -- -- -- -- --    0 | P...!...--------

[2022-08-09 09:11:18] Packet 0x050
        |  0  1  2  3  4  5  6  7  8  9  A  B  C  D  E  F      | 0123456789ABCDEF
    -----------------------------------------------------  ----------------------
      0 | 50 04 00 00 12 0D 0A 00 -- -- -- -- -- -- -- --    0 | P.......--------

[2022-08-09 09:11:18] Packet 0x015
        |  0  1  2  3  4  5  6  7  8  9  A  B  C  D  E  F      | 0123456789ABCDEF
    -----------------------------------------------------  ----------------------
      0 | 15 10 64 00 00 00 2F C4 C8 A9 89 C1 00 00 2F C3    0 | ..d.../......./.
      1 | 00 00 03 00 C0 00 00 04 CD 1F BB 82 00 00 00 00    1 | ................

[2022-08-09 09:11:18] Packet 0x015
        |  0  1  2  3  4  5  6  7  8  9  A  B  C  D  E  F      | 0123456789ABCDEF
    -----------------------------------------------------  ----------------------
      0 | 15 10 65 00 00 00 2F C4 C8 A9 89 C1 00 00 2F C3    0 | ..e.../......./.
      1 | 00 00 01 00 C0 00 00 04 D4 20 BB 82 00 00 00 00    1 | ......... ......

[2022-08-09 09:11:18] Packet 0x015
        |  0  1  2  3  4  5  6  7  8  9  A  B  C  D  E  F      | 0123456789ABCDEF
    -----------------------------------------------------  ----------------------
      0 | 15 10 66 00 00 00 2F C4 C8 A9 89 C1 00 00 2F C3    0 | ..f.../......./.
      1 | 00 00 01 00 C0 00 00 04 A2 21 BB 82 00 00 00 00    1 | .........!......

[2022-08-09 09:11:19] Packet 0x015
        |  0  1  2  3  4  5  6  7  8  9  A  B  C  D  E  F      | 0123456789ABCDEF
    -----------------------------------------------------  ----------------------
      0 | 15 10 67 00 00 00 2F C4 C8 A9 89 C1 00 00 2F C3    0 | ..g.../......./.
      1 | 00 00 01 00 C0 00 00 04 10 23 BB 82 00 00 00 00    1 | .........#......

[2022-08-09 09:11:19] Packet 0x015
        |  0  1  2  3  4  5  6  7  8  9  A  B  C  D  E  F      | 0123456789ABCDEF
    -----------------------------------------------------  ----------------------
      0 | 15 10 68 00 00 00 2F C4 C8 A9 89 C1 00 00 2F C3    0 | ..h.../......./.
      1 | 00 00 01 00 C0 00 00 04 2C 24 BB 82 00 00 00 00    1 | ........,$......

[2022-08-09 09:11:19] Packet 0x015
        |  0  1  2  3  4  5  6  7  8  9  A  B  C  D  E  F      | 0123456789ABCDEF
    -----------------------------------------------------  ----------------------
      0 | 15 10 69 00 00 00 2F C4 C8 A9 89 C1 00 00 2F C3    0 | ..i.../......./.
      1 | 00 00 03 00 C0 00 00 04 7C 25 BB 82 00 00 00 00    1 | ........|%......

[2022-08-09 09:11:20] Packet 0x015
        |  0  1  2  3  4  5  6  7  8  9  A  B  C  D  E  F      | 0123456789ABCDEF
    -----------------------------------------------------  ----------------------
      0 | 15 10 6A 00 00 00 2F C4 C8 A9 89 C1 00 00 2F C3    0 | ..j.../......./.
      1 | 00 00 01 00 C0 00 00 04 81 26 BB 82 00 00 00 00    1 | .........&......

[2022-08-09 09:11:20] Packet 0x015
        |  0  1  2  3  4  5  6  7  8  9  A  B  C  D  E  F      | 0123456789ABCDEF
    -----------------------------------------------------  ----------------------
      0 | 15 10 6B 00 00 00 2F C4 C8 A9 89 C1 00 00 2F C3    0 | ..k.../......./.
      1 | 00 00 01 00 C0 00 00 04 D1 27 BB 82 00 00 00 00    1 | .........'......

[2022-08-09 09:11:20] Packet 0x015
        |  0  1  2  3  4  5  6  7  8  9  A  B  C  D  E  F      | 0123456789ABCDEF
    -----------------------------------------------------  ----------------------
      0 | 15 10 6C 00 00 00 2F C4 C8 A9 89 C1 00 00 2F C3    0 | ..l.../......./.
      1 | 00 00 01 00 C0 00 00 04 DD 28 BB 82 00 00 00 00    1 | .........(......

[2022-08-09 09:11:21] Packet 0x015
        |  0  1  2  3  4  5  6  7  8  9  A  B  C  D  E  F      | 0123456789ABCDEF
    -----------------------------------------------------  ----------------------
      0 | 15 10 6D 00 00 00 2F C4 C8 A9 89 C1 00 00 2F C3    0 | ..m.../......./.
      1 | 00 00 01 00 C0 00 00 04 52 2A BB 82 00 00 00 00    1 | ........R*......

[2022-08-09 09:11:21] Packet 0x015
        |  0  1  2  3  4  5  6  7  8  9  A  B  C  D  E  F      | 0123456789ABCDEF
    -----------------------------------------------------  ----------------------
      0 | 15 10 6E 00 00 00 2F C4 C8 A9 89 C1 00 00 2F C3    0 | ..n.../......./.
      1 | 00 00 01 00 C0 00 00 04 9E 2B BB 82 00 00 00 00    1 | .........+......

[2022-08-09 09:11:21] Packet 0x015
        |  0  1  2  3  4  5  6  7  8  9  A  B  C  D  E  F      | 0123456789ABCDEF
    -----------------------------------------------------  ----------------------
      0 | 15 10 6F 00 00 00 2F C4 C8 A9 89 C1 00 00 2F C3    0 | ..o.../......./.
      1 | 00 00 01 00 C0 00 00 04 08 2D BB 82 00 00 00 00    1 | .........-......

[2022-08-09 09:11:22] Packet 0x051
        |  0  1  2  3  4  5  6  7  8  9  A  B  C  D  E  F      | 0123456789ABCDEF
    -----------------------------------------------------  ----------------------
      0 | 51 24 00 00 06 00 00 00 48 04 08 00 0D 05 0A 00    0 | Q$......H.......
      1 | 3B 06 00 00 41 07 00 00 35 09 08 00 4E 0D 0A 00    1 | ;...A...5...N...
      2 | 00 00 00 00 00 00 00 00 00 00 00 00 00 00 00 00    2 | ................
      3 | 00 00 00 00 00 00 00 00 00 00 00 00 00 00 00 00    3 | ................
      4 | 00 00 00 00 00 00 00 00 -- -- -- -- -- -- -- --    4 | ........--------

[2022-08-09 09:11:22] Packet 0x01A
        |  0  1  2  3  4  5  6  7  8  9  A  B  C  D  E  F      | 0123456789ABCDEF
    -----------------------------------------------------  ----------------------
      0 | 1A 0E 70 00 C5 3D 08 00 00 04 03 00 D5 03 00 00    0 | ..p..=..........
      1 | 00 00 00 00 00 00 00 00 00 00 00 00 -- -- -- --    1 | ............----

[2022-08-09 09:11:22] Packet 0x050
        |  0  1  2  3  4  5  6  7  8  9  A  B  C  D  E  F      | 0123456789ABCDEF
    -----------------------------------------------------  ----------------------
      0 | 50 04 00 00 38 06 00 00 -- -- -- -- -- -- -- --    0 | P...8...--------

[2022-08-09 09:11:22] Packet 0x050
        |  0  1  2  3  4  5  6  7  8  9  A  B  C  D  E  F      | 0123456789ABCDEF
    -----------------------------------------------------  ----------------------
      0 | 50 04 00 00 45 08 0C 00 -- -- -- -- -- -- -- --    0 | P...E...--------

[2022-08-09 09:11:22] Packet 0x015
        |  0  1  2  3  4  5  6  7  8  9  A  B  C  D  E  F      | 0123456789ABCDEF
    -----------------------------------------------------  ----------------------
      0 | 15 10 70 00 00 00 2F C4 C8 A9 89 C1 00 00 2F C3    0 | ..p.../......./.
      1 | 00 00 03 00 C0 00 00 04 10 2E BB 82 00 00 00 00    1 | ................

[2022-08-09 09:11:22] Packet 0x01A
        |  0  1  2  3  4  5  6  7  8  9  A  B  C  D  E  F      | 0123456789ABCDEF
    -----------------------------------------------------  ----------------------
      0 | 1A 0E 70 00 C5 3D 08 00 00 04 03 00 D5 03 00 00    0 | ..p..=..........
      1 | 00 00 00 00 00 00 00 00 00 00 00 00 -- -- -- --    1 | ............----

[2022-08-09 09:11:22] Packet 0x051
        |  0  1  2  3  4  5  6  7  8  9  A  B  C  D  E  F      | 0123456789ABCDEF
    -----------------------------------------------------  ----------------------
      0 | 51 24 00 00 01 00 00 00 3B 06 00 00 00 00 00 00    0 | Q$......;.......
      1 | 00 00 00 00 00 00 00 00 00 00 00 00 00 00 00 00    1 | ................
      2 | 00 00 00 00 00 00 00 00 00 00 00 00 00 00 00 00    2 | ................
      3 | 00 00 00 00 00 00 00 00 00 00 00 00 00 00 00 00    3 | ................
      4 | 00 00 00 00 00 00 00 00 -- -- -- -- -- -- -- --    4 | ........--------

[2022-08-09 09:11:22] Packet 0x01A
        |  0  1  2  3  4  5  6  7  8  9  A  B  C  D  E  F      | 0123456789ABCDEF
    -----------------------------------------------------  ----------------------
      0 | 1A 0E 70 00 C5 3D 08 00 00 04 03 00 D5 03 00 00    0 | ..p..=..........
      1 | 00 00 00 00 00 00 00 00 00 00 00 00 -- -- -- --    1 | ............----

[2022-08-09 09:11:22] Packet 0x050
        |  0  1  2  3  4  5  6  7  8  9  A  B  C  D  E  F      | 0123456789ABCDEF
    -----------------------------------------------------  ----------------------
      0 | 50 04 00 00 38 06 00 00 -- -- -- -- -- -- -- --    0 | P...8...--------

[2022-08-09 09:11:22] Packet 0x015
        |  0  1  2  3  4  5  6  7  8  9  A  B  C  D  E  F      | 0123456789ABCDEF
    -----------------------------------------------------  ----------------------
      0 | 15 10 71 00 00 00 2F C4 C8 A9 89 C1 00 00 2F C3    0 | ..q.../......./.
      1 | 00 00 01 00 C0 00 00 04 4B 2F BB 82 00 00 00 00    1 | ........K/......

[2022-08-09 09:11:22] Packet 0x01A
        |  0  1  2  3  4  5  6  7  8  9  A  B  C  D  E  F      | 0123456789ABCDEF
    -----------------------------------------------------  ----------------------
      0 | 1A 0E 70 00 C5 3D 08 00 00 04 03 00 D5 03 00 00    0 | ..p..=..........
      1 | 00 00 00 00 00 00 00 00 00 00 00 00 -- -- -- --    1 | ............----

[2022-08-09 09:11:22] Packet 0x015
        |  0  1  2  3  4  5  6  7  8  9  A  B  C  D  E  F      | 0123456789ABCDEF
    -----------------------------------------------------  ----------------------
      0 | 15 10 72 00 00 00 2F C4 C8 A9 89 C1 00 00 2F C3    0 | ..r.../......./.
      1 | 00 00 02 00 C0 00 00 04 40 30 BB 82 00 00 00 00    1 | ........@0......

[2022-08-09 09:11:22] Packet 0x015
        |  0  1  2  3  4  5  6  7  8  9  A  B  C  D  E  F      | 0123456789ABCDEF
    -----------------------------------------------------  ----------------------
      0 | 15 10 73 00 00 00 2F C4 C8 A9 89 C1 00 00 2F C3    0 | ..s.../......./.
      1 | 00 00 01 00 C0 00 00 04 AF 31 BB 82 00 00 00 00    1 | .........1......

[2022-08-09 09:11:23] Packet 0x015
        |  0  1  2  3  4  5  6  7  8  9  A  B  C  D  E  F      | 0123456789ABCDEF
    -----------------------------------------------------  ----------------------
      0 | 15 10 74 00 00 00 2F C4 C8 A9 89 C1 00 00 2F C3    0 | ..t.../......./.
      1 | 00 00 01 00 C0 00 00 04 C3 32 BB 82 00 00 00 00    1 | .........2......

[2022-08-09 09:11:23] Packet 0x015
        |  0  1  2  3  4  5  6  7  8  9  A  B  C  D  E  F      | 0123456789ABCDEF
    -----------------------------------------------------  ----------------------
      0 | 15 10 75 00 00 00 2F C4 C8 A9 89 C1 00 00 2F C3    0 | ..u.../......./.
      1 | 00 00 01 00 C0 00 00 04 54 34 BB 82 00 00 00 00    1 | ........T4......

[2022-08-09 09:11:23] Packet 0x015
        |  0  1  2  3  4  5  6  7  8  9  A  B  C  D  E  F      | 0123456789ABCDEF
    -----------------------------------------------------  ----------------------
      0 | 15 10 76 00 00 00 2F C4 C8 A9 89 C1 00 00 2F C3    0 | ..v.../......./.
      1 | 00 00 01 00 C0 00 00 04 4F 35 BB 82 00 00 00 00    1 | ........O5......

[2022-08-09 09:11:24] Packet 0x050
        |  0  1  2  3  4  5  6  7  8  9  A  B  C  D  E  F      | 0123456789ABCDEF
    -----------------------------------------------------  ----------------------
      0 | 50 04 00 00 32 04 0C 00 -- -- -- -- -- -- -- --    0 | P...2...--------

[2022-08-09 09:11:24] Packet 0x050
        |  0  1  2  3  4  5  6  7  8  9  A  B  C  D  E  F      | 0123456789ABCDEF
    -----------------------------------------------------  ----------------------
      0 | 50 04 00 00 02 05 0C 00 -- -- -- -- -- -- -- --    0 | P.......--------

[2022-08-09 09:11:24] Packet 0x050
        |  0  1  2  3  4  5  6  7  8  9  A  B  C  D  E  F      | 0123456789ABCDEF
    -----------------------------------------------------  ----------------------
      0 | 50 04 00 00 33 06 0C 00 -- -- -- -- -- -- -- --    0 | P...3...--------

[2022-08-09 09:11:24] Packet 0x050
        |  0  1  2  3  4  5  6  7  8  9  A  B  C  D  E  F      | 0123456789ABCDEF
    -----------------------------------------------------  ----------------------
      0 | 50 04 00 00 03 07 0C 00 -- -- -- -- -- -- -- --    0 | P.......--------

[2022-08-09 09:11:24] Packet 0x050
        |  0  1  2  3  4  5  6  7  8  9  A  B  C  D  E  F      | 0123456789ABCDEF
    -----------------------------------------------------  ----------------------
      0 | 50 04 00 00 04 08 0C 00 -- -- -- -- -- -- -- --    0 | P.......--------

[2022-08-09 09:11:24] Packet 0x050
        |  0  1  2  3  4  5  6  7  8  9  A  B  C  D  E  F      | 0123456789ABCDEF
    -----------------------------------------------------  ----------------------
      0 | 50 04 00 00 21 09 0B 00 -- -- -- -- -- -- -- --    0 | P...!...--------

[2022-08-09 09:11:24] Packet 0x050
        |  0  1  2  3  4  5  6  7  8  9  A  B  C  D  E  F      | 0123456789ABCDEF
    -----------------------------------------------------  ----------------------
      0 | 50 04 00 00 12 0D 0A 00 -- -- -- -- -- -- -- --    0 | P.......--------

[2022-08-09 09:11:24] Packet 0x015
        |  0  1  2  3  4  5  6  7  8  9  A  B  C  D  E  F      | 0123456789ABCDEF
    -----------------------------------------------------  ----------------------
      0 | 15 10 77 00 00 00 2F C4 C8 A9 89 C1 00 00 2F C3    0 | ..w.../......./.
      1 | 00 00 01 00 C0 00 00 04 B1 36 BB 82 00 00 00 00    1 | .........6......

[2022-08-09 09:11:24] Packet 0x015
        |  0  1  2  3  4  5  6  7  8  9  A  B  C  D  E  F      | 0123456789ABCDEF
    -----------------------------------------------------  ----------------------
      0 | 15 10 78 00 00 00 2F C4 C8 A9 89 C1 00 00 2F C3    0 | ..x.../......./.
      1 | 00 00 01 00 C0 00 00 04 B8 37 BB 82 00 00 00 00    1 | .........7......

[2022-08-09 09:11:24] Packet 0x015
        |  0  1  2  3  4  5  6  7  8  9  A  B  C  D  E  F      | 0123456789ABCDEF
    -----------------------------------------------------  ----------------------
      0 | 15 10 79 00 00 00 2F C4 C8 A9 89 C1 00 00 2F C3    0 | ..y.../......./.
      1 | 00 00 01 00 C0 00 00 04 3E 39 BB 82 00 00 00 00    1 | ........>9......

[2022-08-09 09:11:25] Packet 0x015
        |  0  1  2  3  4  5  6  7  8  9  A  B  C  D  E  F      | 0123456789ABCDEF
    -----------------------------------------------------  ----------------------
      0 | 15 10 7A 00 00 00 2F C4 C8 A9 89 C1 00 00 2F C3    0 | ..z.../......./.
      1 | 00 00 01 00 C0 00 00 04 3B 3A BB 82 00 00 00 00    1 | ........;:......

[2022-08-09 09:11:25] Packet 0x015
        |  0  1  2  3  4  5  6  7  8  9  A  B  C  D  E  F      | 0123456789ABCDEF
    -----------------------------------------------------  ----------------------
      0 | 15 10 7B 00 00 00 2F C4 C8 A9 89 C1 00 00 2F C3    0 | ..{.../......./.
      1 | 00 00 01 00 C0 00 00 04 AF 3B BB 82 00 00 00 00    1 | .........;......

[2022-08-09 09:11:25] Packet 0x015
        |  0  1  2  3  4  5  6  7  8  9  A  B  C  D  E  F      | 0123456789ABCDEF
    -----------------------------------------------------  ----------------------
      0 | 15 10 7C 00 00 00 2F C4 C8 A9 89 C1 00 00 2F C3    0 | ..|.../......./.
      1 | 00 00 01 00 C0 00 00 04 B3 3C BB 82 00 00 00 00    1 | .........<......

[2022-08-09 09:11:25] Packet 0x015
        |  0  1  2  3  4  5  6  7  8  9  A  B  C  D  E  F      | 0123456789ABCDEF
    -----------------------------------------------------  ----------------------
      0 | 15 10 7D 00 00 00 2F C4 C8 A9 89 C1 00 00 2F C3    0 | ..}.../......./.
      1 | 00 00 01 00 C0 00 00 04 93 3D BB 82 00 00 00 00    1 | .........=......

[2022-08-09 09:11:26] Packet 0x015
        |  0  1  2  3  4  5  6  7  8  9  A  B  C  D  E  F      | 0123456789ABCDEF
    -----------------------------------------------------  ----------------------
      0 | 15 10 7E 00 00 00 2F C4 C8 A9 89 C1 00 00 2F C3    0 | ..~.../......./.
      1 | 00 00 01 00 C0 00 00 04 0A 3F BB 82 00 00 00 00    1 | .........?......

[2022-08-09 09:11:26] Packet 0x015
        |  0  1  2  3  4  5  6  7  8  9  A  B  C  D  E  F      | 0123456789ABCDEF
    -----------------------------------------------------  ----------------------
      0 | 15 10 7F 00 00 00 2F C4 C8 A9 89 C1 00 00 2F C3    0 | ....../......./.
      1 | 00 00 01 00 C0 00 00 04 0A 40 BB 82 00 00 00 00    1 | .........@......

[2022-08-09 09:11:26] Packet 0x015
        |  0  1  2  3  4  5  6  7  8  9  A  B  C  D  E  F      | 0123456789ABCDEF
    -----------------------------------------------------  ----------------------
      0 | 15 10 80 00 00 00 2F C4 C8 A9 89 C1 00 00 2F C3    0 | ....../......./.
      1 | 00 00 01 00 C0 00 00 04 6D 41 BB 82 00 00 00 00    1 | ........mA......

[2022-08-09 09:11:27] Packet 0x015
        |  0  1  2  3  4  5  6  7  8  9  A  B  C  D  E  F      | 0123456789ABCDEF
    -----------------------------------------------------  ----------------------
      0 | 15 10 81 00 00 00 2F C4 C8 A9 89 C1 00 00 2F C3    0 | ....../......./.
      1 | 00 00 01 00 C0 00 00 04 94 42 BB 82 00 00 00 00    1 | .........B......

[2022-08-09 09:11:27] Packet 0x015
        |  0  1  2  3  4  5  6  7  8  9  A  B  C  D  E  F      | 0123456789ABCDEF
    -----------------------------------------------------  ----------------------
      0 | 15 10 82 00 00 00 2F C4 C8 A9 89 C1 00 00 2F C3    0 | ....../......./.
      1 | 00 00 01 00 C0 00 00 04 0E 44 BB 82 00 00 00 00    1 | .........D......

[2022-08-09 09:11:27] Packet 0x051
        |  0  1  2  3  4  5  6  7  8  9  A  B  C  D  E  F      | 0123456789ABCDEF
    -----------------------------------------------------  ----------------------
      0 | 51 24 00 00 06 00 00 00 48 04 08 00 0D 05 0A 00    0 | Q$......H.......
      1 | 3B 06 00 00 41 07 00 00 35 09 08 00 4E 0D 0A 00    1 | ;...A...5...N...
      2 | 00 00 00 00 00 00 00 00 00 00 00 00 00 00 00 00    2 | ................
      3 | 00 00 00 00 00 00 00 00 00 00 00 00 00 00 00 00    3 | ................
      4 | 00 00 00 00 00 00 00 00 -- -- -- -- -- -- -- --    4 | ........--------

[2022-08-09 09:11:27] Packet 0x01A
        |  0  1  2  3  4  5  6  7  8  9  A  B  C  D  E  F      | 0123456789ABCDEF
    -----------------------------------------------------  ----------------------
      0 | 1A 0E 83 00 C5 3D 08 00 00 04 03 00 EB 03 00 00    0 | .....=..........
      1 | 00 00 00 00 00 00 00 00 00 00 00 00 -- -- -- --    1 | ............----

[2022-08-09 09:11:27] Packet 0x050
        |  0  1  2  3  4  5  6  7  8  9  A  B  C  D  E  F      | 0123456789ABCDEF
    -----------------------------------------------------  ----------------------
      0 | 50 04 00 00 38 06 00 00 -- -- -- -- -- -- -- --    0 | P...8...--------

[2022-08-09 09:11:27] Packet 0x050
        |  0  1  2  3  4  5  6  7  8  9  A  B  C  D  E  F      | 0123456789ABCDEF
    -----------------------------------------------------  ----------------------
      0 | 50 04 00 00 45 08 0C 00 -- -- -- -- -- -- -- --    0 | P...E...--------

[2022-08-09 09:11:27] Packet 0x015
        |  0  1  2  3  4  5  6  7  8  9  A  B  C  D  E  F      | 0123456789ABCDEF
    -----------------------------------------------------  ----------------------
      0 | 15 10 83 00 00 00 2F C4 C8 A9 89 C1 00 00 2F C3    0 | ....../......./.
      1 | 00 00 03 00 C0 00 00 04 CA 45 BB 82 00 00 00 00    1 | .........E......

[2022-08-09 09:11:27] Packet 0x01A
        |  0  1  2  3  4  5  6  7  8  9  A  B  C  D  E  F      | 0123456789ABCDEF
    -----------------------------------------------------  ----------------------
      0 | 1A 0E 83 00 C5 3D 08 00 00 04 03 00 EB 03 00 00    0 | .....=..........
      1 | 00 00 00 00 00 00 00 00 00 00 00 00 -- -- -- --    1 | ............----

[2022-08-09 09:11:28] Packet 0x051
        |  0  1  2  3  4  5  6  7  8  9  A  B  C  D  E  F      | 0123456789ABCDEF
    -----------------------------------------------------  ----------------------
      0 | 51 24 00 00 01 00 00 00 3B 06 00 00 00 00 00 00    0 | Q$......;.......
      1 | 00 00 00 00 00 00 00 00 00 00 00 00 00 00 00 00    1 | ................
      2 | 00 00 00 00 00 00 00 00 00 00 00 00 00 00 00 00    2 | ................
      3 | 00 00 00 00 00 00 00 00 00 00 00 00 00 00 00 00    3 | ................
      4 | 00 00 00 00 00 00 00 00 -- -- -- -- -- -- -- --    4 | ........--------

[2022-08-09 09:11:28] Packet 0x01A
        |  0  1  2  3  4  5  6  7  8  9  A  B  C  D  E  F      | 0123456789ABCDEF
    -----------------------------------------------------  ----------------------
      0 | 1A 0E 83 00 C5 3D 08 00 00 04 03 00 EB 03 00 00    0 | .....=..........
      1 | 00 00 00 00 00 00 00 00 00 00 00 00 -- -- -- --    1 | ............----

[2022-08-09 09:11:28] Packet 0x050
        |  0  1  2  3  4  5  6  7  8  9  A  B  C  D  E  F      | 0123456789ABCDEF
    -----------------------------------------------------  ----------------------
      0 | 50 04 00 00 38 06 00 00 -- -- -- -- -- -- -- --    0 | P...8...--------

[2022-08-09 09:11:28] Packet 0x015
        |  0  1  2  3  4  5  6  7  8  9  A  B  C  D  E  F      | 0123456789ABCDEF
    -----------------------------------------------------  ----------------------
      0 | 15 10 84 00 00 00 2F C4 C8 A9 89 C1 00 00 2F C3    0 | ....../......./.
      1 | 00 00 01 00 C0 00 00 04 D3 46 BB 82 00 00 00 00    1 | .........F......

[2022-08-09 09:11:28] Packet 0x01A
        |  0  1  2  3  4  5  6  7  8  9  A  B  C  D  E  F      | 0123456789ABCDEF
    -----------------------------------------------------  ----------------------
      0 | 1A 0E 83 00 C5 3D 08 00 00 04 03 00 EB 03 00 00    0 | .....=..........
      1 | 00 00 00 00 00 00 00 00 00 00 00 00 -- -- -- --    1 | ............----

[2022-08-09 09:11:28] Packet 0x015
        |  0  1  2  3  4  5  6  7  8  9  A  B  C  D  E  F      | 0123456789ABCDEF
    -----------------------------------------------------  ----------------------
      0 | 15 10 85 00 00 00 2F C4 C8 A9 89 C1 00 00 2F C3    0 | ....../......./.
      1 | 00 00 01 00 C0 00 00 04 C8 47 BB 82 00 00 00 00    1 | .........G......

[2022-08-09 09:11:28] Packet 0x015
        |  0  1  2  3  4  5  6  7  8  9  A  B  C  D  E  F      | 0123456789ABCDEF
    -----------------------------------------------------  ----------------------
      0 | 15 10 86 00 00 00 2F C4 C8 A9 89 C1 00 00 2F C3    0 | ....../......./.
      1 | 00 00 01 00 C0 00 00 04 B9 49 BB 82 00 00 00 00    1 | .........I......

[2022-08-09 09:11:29] Packet 0x015
        |  0  1  2  3  4  5  6  7  8  9  A  B  C  D  E  F      | 0123456789ABCDEF
    -----------------------------------------------------  ----------------------
      0 | 15 10 87 00 00 00 2F C4 C8 A9 89 C1 00 00 2F C3    0 | ....../......./.
      1 | 00 00 01 00 C0 00 00 04 BA 4A BB 82 00 00 00 00    1 | .........J......

[2022-08-09 09:11:29] Packet 0x015
        |  0  1  2  3  4  5  6  7  8  9  A  B  C  D  E  F      | 0123456789ABCDEF
    -----------------------------------------------------  ----------------------
      0 | 15 10 88 00 00 00 2F C4 C8 A9 89 C1 00 00 2F C3    0 | ....../......./.
      1 | 00 00 01 00 C0 00 00 04 34 4C BB 82 00 00 00 00    1 | ........4L......

[2022-08-09 09:11:29] Packet 0x050
        |  0  1  2  3  4  5  6  7  8  9  A  B  C  D  E  F      | 0123456789ABCDEF
    -----------------------------------------------------  ----------------------
      0 | 50 04 00 00 32 04 0C 00 -- -- -- -- -- -- -- --    0 | P...2...--------

[2022-08-09 09:11:29] Packet 0x050
        |  0  1  2  3  4  5  6  7  8  9  A  B  C  D  E  F      | 0123456789ABCDEF
    -----------------------------------------------------  ----------------------
      0 | 50 04 00 00 02 05 0C 00 -- -- -- -- -- -- -- --    0 | P.......--------

[2022-08-09 09:11:29] Packet 0x050
        |  0  1  2  3  4  5  6  7  8  9  A  B  C  D  E  F      | 0123456789ABCDEF
    -----------------------------------------------------  ----------------------
      0 | 50 04 00 00 33 06 0C 00 -- -- -- -- -- -- -- --    0 | P...3...--------

[2022-08-09 09:11:29] Packet 0x050
        |  0  1  2  3  4  5  6  7  8  9  A  B  C  D  E  F      | 0123456789ABCDEF
    -----------------------------------------------------  ----------------------
      0 | 50 04 00 00 03 07 0C 00 -- -- -- -- -- -- -- --    0 | P.......--------

[2022-08-09 09:11:29] Packet 0x050
        |  0  1  2  3  4  5  6  7  8  9  A  B  C  D  E  F      | 0123456789ABCDEF
    -----------------------------------------------------  ----------------------
      0 | 50 04 00 00 04 08 0C 00 -- -- -- -- -- -- -- --    0 | P.......--------

[2022-08-09 09:11:29] Packet 0x050
        |  0  1  2  3  4  5  6  7  8  9  A  B  C  D  E  F      | 0123456789ABCDEF
    -----------------------------------------------------  ----------------------
      0 | 50 04 00 00 21 09 0B 00 -- -- -- -- -- -- -- --    0 | P...!...--------

[2022-08-09 09:11:29] Packet 0x050
        |  0  1  2  3  4  5  6  7  8  9  A  B  C  D  E  F      | 0123456789ABCDEF
    -----------------------------------------------------  ----------------------
      0 | 50 04 00 00 12 0D 0A 00 -- -- -- -- -- -- -- --    0 | P.......--------

[2022-08-09 09:11:29] Packet 0x015
        |  0  1  2  3  4  5  6  7  8  9  A  B  C  D  E  F      | 0123456789ABCDEF
    -----------------------------------------------------  ----------------------
      0 | 15 10 89 00 00 00 2F C4 C8 A9 89 C1 00 00 2F C3    0 | ....../......./.
      1 | 00 00 01 00 C0 00 00 04 55 4D BB 82 00 00 00 00    1 | ........UM......

[2022-08-09 09:11:30] Packet 0x015
        |  0  1  2  3  4  5  6  7  8  9  A  B  C  D  E  F      | 0123456789ABCDEF
    -----------------------------------------------------  ----------------------
      0 | 15 10 8A 00 00 00 2F C4 C8 A9 89 C1 00 00 2F C3    0 | ....../......./.
      1 | 00 00 01 00 C0 00 00 04 AE 4E BB 82 00 00 00 00    1 | .........N......

[2022-08-09 09:11:30] Packet 0x015
        |  0  1  2  3  4  5  6  7  8  9  A  B  C  D  E  F      | 0123456789ABCDEF
    -----------------------------------------------------  ----------------------
      0 | 15 10 8B 00 00 00 2F C4 C8 A9 89 C1 00 00 2F C3    0 | ....../......./.
      1 | 00 00 01 00 C0 00 00 04 A5 4F BB 82 00 00 00 00    1 | .........O......

[2022-08-09 09:11:30] Packet 0x015
        |  0  1  2  3  4  5  6  7  8  9  A  B  C  D  E  F      | 0123456789ABCDEF
    -----------------------------------------------------  ----------------------
      0 | 15 10 8C 00 00 00 2F C4 C8 A9 89 C1 00 00 2F C3    0 | ....../......./.
      1 | 00 00 01 00 C0 00 00 04 E8 50 BB 82 00 00 00 00    1 | .........P......

[2022-08-09 09:11:31] Packet 0x015
        |  0  1  2  3  4  5  6  7  8  9  A  B  C  D  E  F      | 0123456789ABCDEF
    -----------------------------------------------------  ----------------------
      0 | 15 10 8D 00 00 00 2F C4 C8 A9 89 C1 00 00 2F C3    0 | ....../......./.
      1 | 00 00 01 00 C0 00 00 04 12 52 BB 82 00 00 00 00    1 | .........R......

[2022-08-09 09:11:31] Packet 0x015
        |  0  1  2  3  4  5  6  7  8  9  A  B  C  D  E  F      | 0123456789ABCDEF
    -----------------------------------------------------  ----------------------
      0 | 15 10 8E 00 00 00 2F C4 C8 A9 89 C1 00 00 2F C3    0 | ....../......./.
      1 | 00 00 01 00 C0 00 00 04 71 53 BB 82 00 00 00 00    1 | ........qS......

[2022-08-09 09:11:31] Packet 0x015
        |  0  1  2  3  4  5  6  7  8  9  A  B  C  D  E  F      | 0123456789ABCDEF
    -----------------------------------------------------  ----------------------
      0 | 15 10 8F 00 00 00 2F C4 C8 A9 89 C1 00 00 2F C3    0 | ....../......./.
      1 | 00 00 01 00 C0 00 00 04 77 54 BB 82 00 00 00 00    1 | ........wT......

[2022-08-09 09:11:32] Packet 0x015
        |  0  1  2  3  4  5  6  7  8  9  A  B  C  D  E  F      | 0123456789ABCDEF
    -----------------------------------------------------  ----------------------
      0 | 15 10 90 00 00 00 2F C4 C8 A9 89 C1 00 00 2F C3    0 | ....../......./.
      1 | 00 00 01 00 C0 00 00 04 24 56 BB 82 00 00 00 00    1 | ........$V......

[2022-08-09 09:11:32] Packet 0x015
        |  0  1  2  3  4  5  6  7  8  9  A  B  C  D  E  F      | 0123456789ABCDEF
    -----------------------------------------------------  ----------------------
      0 | 15 10 91 00 00 00 2F C4 C8 A9 89 C1 00 00 2F C3    0 | ....../......./.
      1 | 00 00 01 00 C0 00 00 04 2A 57 BB 82 00 00 00 00    1 | ........*W......

[2022-08-09 09:11:32] Packet 0x015
        |  0  1  2  3  4  5  6  7  8  9  A  B  C  D  E  F      | 0123456789ABCDEF
    -----------------------------------------------------  ----------------------
      0 | 15 10 92 00 00 00 2F C4 C8 A9 89 C1 00 00 2F C3    0 | ....../......./.
      1 | 00 00 01 00 C0 00 00 04 8A 58 BB 82 00 00 00 00    1 | .........X......

[2022-08-09 09:11:33] Packet 0x015
        |  0  1  2  3  4  5  6  7  8  9  A  B  C  D  E  F      | 0123456789ABCDEF
    -----------------------------------------------------  ----------------------
      0 | 15 10 93 00 00 00 2F C4 C8 A9 89 C1 00 00 2F C3    0 | ....../......./.
      1 | 00 00 01 00 C0 00 00 04 8F 59 BB 82 00 00 00 00    1 | .........Y......

[2022-08-09 09:11:33] Packet 0x015
        |  0  1  2  3  4  5  6  7  8  9  A  B  C  D  E  F      | 0123456789ABCDEF
    -----------------------------------------------------  ----------------------
      0 | 15 10 94 00 00 00 2F C4 C8 A9 89 C1 00 00 2F C3    0 | ....../......./.
      1 | 00 00 01 00 C0 00 00 04 DE 5A BB 82 00 00 00 00    1 | .........Z......

[2022-08-09 09:11:33] Packet 0x015
        |  0  1  2  3  4  5  6  7  8  9  A  B  C  D  E  F      | 0123456789ABCDEF
    -----------------------------------------------------  ----------------------
      0 | 15 10 95 00 00 00 2F C4 C8 A9 89 C1 00 00 2F C3    0 | ....../......./.
      1 | 00 00 01 00 C0 00 00 04 E2 5B BB 82 00 00 00 00    1 | .........[......

[2022-08-09 09:11:33] Packet 0x015
        |  0  1  2  3  4  5  6  7  8  9  A  B  C  D  E  F      | 0123456789ABCDEF
    -----------------------------------------------------  ----------------------
      0 | 15 10 96 00 00 00 2F C4 C8 A9 89 C1 00 00 2F C3    0 | ....../......./.
      1 | 00 00 01 00 C0 00 00 04 5C 5D BB 82 00 00 00 00    1 | ........\\]......

[2022-08-09 09:11:34] Packet 0x015
        |  0  1  2  3  4  5  6  7  8  9  A  B  C  D  E  F      | 0123456789ABCDEF
    -----------------------------------------------------  ----------------------
      0 | 15 10 97 00 00 00 2F C4 C8 A9 89 C1 00 00 2F C3    0 | ....../......./.
      1 | 00 00 01 00 C0 00 00 04 5B 5E BB 82 00 00 00 00    1 | ........[^......

[2022-08-09 09:11:34] Packet 0x015
        |  0  1  2  3  4  5  6  7  8  9  A  B  C  D  E  F      | 0123456789ABCDEF
    -----------------------------------------------------  ----------------------
      0 | 15 10 98 00 00 00 2F C4 C8 A9 89 C1 00 00 2F C3    0 | ....../......./.
      1 | 00 00 01 00 C0 00 00 04 C6 5F BB 82 00 00 00 00    1 | ........._......

[2022-08-09 09:11:34] Packet 0x015
        |  0  1  2  3  4  5  6  7  8  9  A  B  C  D  E  F      | 0123456789ABCDEF
    -----------------------------------------------------  ----------------------
      0 | 15 10 99 00 00 00 2F C4 C8 A9 89 C1 00 00 2F C3    0 | ....../......./.
      1 | 00 00 01 00 C0 00 00 04 CE 60 BB 82 00 00 00 00    1 | .........`......

[2022-08-09 09:11:35] Packet 0x015
        |  0  1  2  3  4  5  6  7  8  9  A  B  C  D  E  F      | 0123456789ABCDEF
    -----------------------------------------------------  ----------------------
      0 | 15 10 9A 00 00 00 2F C4 C8 A9 89 C1 00 00 2F C3    0 | ....../......./.
      1 | 00 00 03 00 C0 00 00 04 00 62 BB 82 00 00 00 00    1 | .........b......

[2022-08-09 09:11:35] Packet 0x015
        |  0  1  2  3  4  5  6  7  8  9  A  B  C  D  E  F      | 0123456789ABCDEF
    -----------------------------------------------------  ----------------------
      0 | 15 10 9B 00 00 00 2F C4 C8 A9 89 C1 00 00 2F C3    0 | ....../......./.
      1 | 00 00 01 00 C0 00 00 04 9D 62 BB 82 00 00 00 00    1 | .........b......

[2022-08-09 09:11:35] Packet 0x015
        |  0  1  2  3  4  5  6  7  8  9  A  B  C  D  E  F      | 0123456789ABCDEF
    -----------------------------------------------------  ----------------------
      0 | 15 10 9C 00 00 00 2F C4 C8 A9 89 C1 00 00 2F C3    0 | ....../......./.
      1 | 00 00 01 00 C0 00 00 04 03 64 BB 82 00 00 00 00    1 | .........d......

[2022-08-09 09:11:35] Packet 0x015
        |  0  1  2  3  4  5  6  7  8  9  A  B  C  D  E  F      | 0123456789ABCDEF
    -----------------------------------------------------  ----------------------
      0 | 15 10 9D 00 00 00 2F C4 C8 A9 89 C1 00 00 2F C3    0 | ....../......./.
      1 | 00 00 01 00 C0 00 00 04 6B 65 BB 82 00 00 00 00    1 | ........ke......

[2022-08-09 09:11:36] Packet 0x015
        |  0  1  2  3  4  5  6  7  8  9  A  B  C  D  E  F      | 0123456789ABCDEF
    -----------------------------------------------------  ----------------------
      0 | 15 10 9E 00 00 00 2F C4 C8 A9 89 C1 00 00 2F C3    0 | ....../......./.
      1 | 00 00 04 00 C0 00 00 04 DD 66 BB 82 00 00 00 00    1 | .........f......

[2022-08-09 09:11:36] Packet 0x015
        |  0  1  2  3  4  5  6  7  8  9  A  B  C  D  E  F      | 0123456789ABCDEF
    -----------------------------------------------------  ----------------------
      0 | 15 10 9F 00 00 00 2F C4 C8 A9 89 C1 00 00 2F C3    0 | ....../......./.
      1 | 00 00 01 00 C0 00 00 04 DC 67 BB 82 00 00 00 00    1 | .........g......

[2022-08-09 09:11:36] Packet 0x015
        |  0  1  2  3  4  5  6  7  8  9  A  B  C  D  E  F      | 0123456789ABCDEF
    -----------------------------------------------------  ----------------------
      0 | 15 10 A0 00 00 00 2F C4 C8 A9 89 C1 00 00 2F C3    0 | ....../......./.
      1 | 00 00 01 00 C0 00 00 04 C0 68 BB 82 00 00 00 00    1 | .........h......

[2022-08-09 09:11:37] Packet 0x015
        |  0  1  2  3  4  5  6  7  8  9  A  B  C  D  E  F      | 0123456789ABCDEF
    -----------------------------------------------------  ----------------------
      0 | 15 10 A1 00 00 00 2F C4 C8 A9 89 C1 00 00 2F C3    0 | ....../......./.
      1 | 00 00 01 00 C0 00 00 04 56 6A BB 82 00 00 00 00    1 | ........Vj......

[2022-08-09 09:11:37] Packet 0x015
        |  0  1  2  3  4  5  6  7  8  9  A  B  C  D  E  F      | 0123456789ABCDEF
    -----------------------------------------------------  ----------------------
      0 | 15 10 A2 00 00 00 2F C4 C8 A9 89 C1 00 00 2F C3    0 | ....../......./.
      1 | 00 00 01 00 C0 00 00 04 49 6B BB 82 00 00 00 00    1 | ........Ik......

[2022-08-09 09:11:37] Packet 0x015
        |  0  1  2  3  4  5  6  7  8  9  A  B  C  D  E  F      | 0123456789ABCDEF
    -----------------------------------------------------  ----------------------
      0 | 15 10 A3 00 00 00 2F C4 C8 A9 89 C1 00 00 2F C3    0 | ....../......./.
      1 | 00 00 02 00 C0 00 00 04 83 6C BB 82 00 00 00 00    1 | .........l......

[2022-08-09 09:11:38] Packet 0x015
        |  0  1  2  3  4  5  6  7  8  9  A  B  C  D  E  F      | 0123456789ABCDEF
    -----------------------------------------------------  ----------------------
      0 | 15 10 A4 00 00 00 2F C4 C8 A9 89 C1 00 00 2F C3    0 | ....../......./.
      1 | 00 00 01 00 C0 00 00 04 8D 6D BB 82 00 00 00 00    1 | .........m......

[2022-08-09 09:11:38] Packet 0x015
        |  0  1  2  3  4  5  6  7  8  9  A  B  C  D  E  F      | 0123456789ABCDEF
    -----------------------------------------------------  ----------------------
      0 | 15 10 A5 00 00 00 2F C4 C8 A9 89 C1 00 00 2F C3    0 | ....../......./.
      1 | 00 00 01 00 C0 00 00 04 F3 6E BB 82 00 00 00 00    1 | .........n......

[2022-08-09 09:11:38] Packet 0x015
        |  0  1  2  3  4  5  6  7  8  9  A  B  C  D  E  F      | 0123456789ABCDEF
    -----------------------------------------------------  ----------------------
      0 | 15 10 A6 00 00 00 2F C4 C8 A9 89 C1 00 00 2F C3    0 | ....../......./.
      1 | 00 00 01 00 C0 00 00 04 EB 6F BB 82 00 00 00 00    1 | .........o......

[2022-08-09 09:11:38] Packet 0x015
        |  0  1  2  3  4  5  6  7  8  9  A  B  C  D  E  F      | 0123456789ABCDEF
    -----------------------------------------------------  ----------------------
      0 | 15 10 A7 00 00 00 2F C4 C8 A9 89 C1 00 00 2F C3    0 | ....../......./.
      1 | 00 00 01 00 C0 00 00 04 2C 71 BB 82 00 00 00 00    1 | ........,q......

[2022-08-09 09:11:39] Packet 0x015
        |  0  1  2  3  4  5  6  7  8  9  A  B  C  D  E  F      | 0123456789ABCDEF
    -----------------------------------------------------  ----------------------
      0 | 15 10 A8 00 00 00 2F C4 C8 A9 89 C1 00 00 2F C3    0 | ....../......./.
      1 | 00 00 02 00 C0 00 00 04 2B 72 BB 82 00 00 00 00    1 | ........+r......

[2022-08-09 09:11:39] Packet 0x015
        |  0  1  2  3  4  5  6  7  8  9  A  B  C  D  E  F      | 0123456789ABCDEF
    -----------------------------------------------------  ----------------------
      0 | 15 10 A9 00 00 00 2F C4 C8 A9 89 C1 00 00 2F C3    0 | ....../......./.
      1 | 00 00 01 00 C0 00 00 04 7A 73 BB 82 00 00 00 00    1 | ........zs......

[2022-08-09 09:11:39] Packet 0x015
        |  0  1  2  3  4  5  6  7  8  9  A  B  C  D  E  F      | 0123456789ABCDEF
    -----------------------------------------------------  ----------------------
      0 | 15 10 AA 00 00 00 2F C4 C8 A9 89 C1 00 00 2F C3    0 | ....../......./.
      1 | 00 00 02 00 C0 00 00 04 69 74 BB 82 00 00 00 00    1 | ........it......

[2022-08-09 09:11:40] Packet 0x015
        |  0  1  2  3  4  5  6  7  8  9  A  B  C  D  E  F      | 0123456789ABCDEF
    -----------------------------------------------------  ----------------------
      0 | 15 10 AB 00 00 00 2F C4 C8 A9 89 C1 00 00 2F C3    0 | ....../......./.
      1 | 00 00 01 00 C0 00 00 04 98 75 BB 82 00 00 00 00    1 | .........u......

[2022-08-09 09:11:40] Packet 0x015
        |  0  1  2  3  4  5  6  7  8  9  A  B  C  D  E  F      | 0123456789ABCDEF
    -----------------------------------------------------  ----------------------
      0 | 15 10 AC 00 00 00 2F C4 C8 A9 89 C1 00 00 2F C3    0 | ....../......./.
      1 | 00 00 01 00 C0 00 00 04 3C 76 BB 82 00 00 00 00    1 | ........<v......

[2022-08-09 09:11:40] Packet 0x015
        |  0  1  2  3  4  5  6  7  8  9  A  B  C  D  E  F      | 0123456789ABCDEF
    -----------------------------------------------------  ----------------------
      0 | 15 10 AD 00 00 00 2F C4 C8 A9 89 C1 00 00 2F C3    0 | ....../......./.
      1 | 00 00 01 00 C0 00 00 04 CD 77 BB 82 00 00 00 00    1 | .........w......

[2022-08-09 09:11:41] Packet 0x015
        |  0  1  2  3  4  5  6  7  8  9  A  B  C  D  E  F      | 0123456789ABCDEF
    -----------------------------------------------------  ----------------------
      0 | 15 10 AE 00 00 00 2F C4 C8 A9 89 C1 00 00 2F C3    0 | ....../......./.
      1 | 00 00 01 00 C0 00 00 04 C2 78 BB 82 00 00 00 00    1 | .........x......

